# JRE version: OpenJDK Runtime Environment (8.0_202-b03) (build 1.8.0_202-release-1483-b03)
# Java VM: OpenJDK 64-Bit Server VM (25.202-b03 mixed mode windows-amd64 compressed oops)
Heap:
 PSYoungGen      total 28672K, used 3792K [0x00000000e0000000, 0x00000000e2100000, 0x0000000100000000)
  eden space 24576K, 5% used [0x00000000e0000000,0x00000000e0134650,0x00000000e1800000)
  from space 4096K, 62% used [0x00000000e1c00000,0x00000000e1e7fb90,0x00000000e2000000)
  to   space 4096K, 0% used [0x00000000e1800000,0x00000000e1800000,0x00000000e1c00000)
 ParOldGen       total 29184K, used 3768K [0x00000000a0000000, 0x00000000a1c80000, 0x00000000e0000000)
  object space 29184K, 12% used [0x00000000a0000000,0x00000000a03ae1f8,0x00000000a1c80000)
 Metaspace       used 14850K, capacity 15256K, committed 15360K, reserved 1062912K
  class space    used 2101K, capacity 2262K, committed 2304K, reserved 1048576K
GC Heap History (10 events):
Event: 5.078 GC heap before
{Heap before GC invocations=5 (full 0):
 PSYoungGen      total 18944K, used 7170K [0x00000000e0000000, 0x00000000e1500000, 0x0000000100000000)
  eden space 16384K, 28% used [0x00000000e0000000,0x00000000e0484ae8,0x00000000e1000000)
  from space 2560K, 99% used [0x00000000e1280000,0x00000000e14fc030,0x00000000e1500000)
  to   space 2560K, 0% used [0x00000000e1000000,0x00000000e1000000,0x00000000e1280000)
 ParOldGen       total 44032K, used 1882K [0x00000000a0000000, 0x00000000a2b00000, 0x00000000e0000000)
  object space 44032K, 4% used [0x00000000a0000000,0x00000000a01d6bd0,0x00000000a2b00000)
 Metaspace       used 10091K, capacity 10354K, committed 10496K, reserved 1062912K
  class space    used 1344K, capacity 1453K, committed 1536K, reserved 1048576K
Event: 5.086 GC heap after
Heap after GC invocations=5 (full 0):
 PSYoungGen      total 18944K, used 2544K [0x00000000e0000000, 0x00000000e1500000, 0x0000000100000000)
  eden space 16384K, 0% used [0x00000000e0000000,0x00000000e0000000,0x00000000e1000000)
  from space 2560K, 99% used [0x00000000e1000000,0x00000000e127c010,0x00000000e1280000)
  to   space 2560K, 0% used [0x00000000e1280000,0x00000000e1280000,0x00000000e1500000)
 ParOldGen       total 44032K, used 2676K [0x00000000a0000000, 0x00000000a2b00000, 0x00000000e0000000)
  object space 44032K, 6% used [0x00000000a0000000,0x00000000a029d350,0x00000000a2b00000)
 Metaspace       used 10091K, capacity 10354K, committed 10496K, reserved 1062912K
  class space    used 1344K, capacity 1453K, committed 1536K, reserved 1048576K
}
Event: 5.086 GC heap before
{Heap before GC invocations=6 (full 1):
 PSYoungGen      total 18944K, used 2544K [0x00000000e0000000, 0x00000000e1500000, 0x0000000100000000)
  eden space 16384K, 0% used [0x00000000e0000000,0x00000000e0000000,0x00000000e1000000)
  from space 2560K, 99% used [0x00000000e1000000,0x00000000e127c010,0x00000000e1280000)
  to   space 2560K, 0% used [0x00000000e1280000,0x00000000e1280000,0x00000000e1500000)
 ParOldGen       total 44032K, used 2676K [0x00000000a0000000, 0x00000000a2b00000, 0x00000000e0000000)
  object space 44032K, 6% used [0x00000000a0000000,0x00000000a029d350,0x00000000a2b00000)
 Metaspace       used 10091K, capacity 10354K, committed 10496K, reserved 1062912K
  class space    used 1344K, capacity 1453K, committed 1536K, reserved 1048576K
Event: 5.130 GC heap after
Heap after GC invocations=6 (full 1):
 PSYoungGen      total 18944K, used 0K [0x00000000e0000000, 0x00000000e1500000, 0x0000000100000000)
  eden space 16384K, 0% used [0x00000000e0000000,0x00000000e0000000,0x00000000e1000000)
  from space 2560K, 0% used [0x00000000e1000000,0x00000000e1000000,0x00000000e1280000)
  to   space 2560K, 0% used [0x00000000e1280000,0x00000000e1280000,0x00000000e1500000)
 ParOldGen       total 29184K, used 3760K [0x00000000a0000000, 0x00000000a1c80000, 0x00000000e0000000)
  object space 29184K, 12% used [0x00000000a0000000,0x00000000a03ac1f8,0x00000000a1c80000)
 Metaspace       used 10091K, capacity 10354K, committed 10496K, reserved 1060864K
  class space    used 1344K, capacity 1453K, committed 1536K, reserved 1048576K
}
Event: 6.170 GC heap before
{Heap before GC invocations=7 (full 1):
 PSYoungGen      total 18944K, used 16384K [0x00000000e0000000, 0x00000000e1500000, 0x0000000100000000)
  eden space 16384K, 100% used [0x00000000e0000000,0x00000000e1000000,0x00000000e1000000)
  from space 2560K, 0% used [0x00000000e1000000,0x00000000e1000000,0x00000000e1280000)
  to   space 2560K, 0% used [0x00000000e1280000,0x00000000e1280000,0x00000000e1500000)
 ParOldGen       total 29184K, used 3760K [0x00000000a0000000, 0x00000000a1c80000, 0x00000000e0000000)
  object space 29184K, 12% used [0x00000000a0000000,0x00000000a03ac1f8,0x00000000a1c80000)
 Metaspace       used 12438K, capacity 12802K, committed 12928K, reserved 1060864K
  class space    used 1691K, capacity 1801K, committed 1920K, reserved 1048576K
Event: 6.176 GC heap after
Heap after GC invocations=7 (full 1):
 PSYoungGen      total 17408K, used 1952K [0x00000000e0000000, 0x00000000e2080000, 0x0000000100000000)
  eden space 14848K, 0% used [0x00000000e0000000,0x00000000e0000000,0x00000000e0e80000)
  from space 2560K, 76% used [0x00000000e1280000,0x00000000e1468000,0x00000000e1500000)
  to   space 4096K, 0% used [0x00000000e0e80000,0x00000000e0e80000,0x00000000e1280000)
 ParOldGen       total 29184K, used 3768K [0x00000000a0000000, 0x00000000a1c80000, 0x00000000e0000000)
  object space 29184K, 12% used [0x00000000a0000000,0x00000000a03ae1f8,0x00000000a1c80000)
 Metaspace       used 12438K, capacity 12802K, committed 12928K, reserved 1060864K
  class space    used 1691K, capacity 1801K, committed 1920K, reserved 1048576K
}
Event: 6.526 GC heap before
{Heap before GC invocations=8 (full 1):
 PSYoungGen      total 17408K, used 16800K [0x00000000e0000000, 0x00000000e2080000, 0x0000000100000000)
  eden space 14848K, 100% used [0x00000000e0000000,0x00000000e0e80000,0x00000000e0e80000)
  from space 2560K, 76% used [0x00000000e1280000,0x00000000e1468000,0x00000000e1500000)
  to   space 4096K, 0% used [0x00000000e0e80000,0x00000000e0e80000,0x00000000e1280000)
 ParOldGen       total 29184K, used 3768K [0x00000000a0000000, 0x00000000a1c80000, 0x00000000e0000000)
  object space 29184K, 12% used [0x00000000a0000000,0x00000000a03ae1f8,0x00000000a1c80000)
 Metaspace       used 13911K, capacity 14312K, committed 14336K, reserved 1062912K
  class space    used 1915K, capacity 2028K, committed 2048K, reserved 1048576K
Event: 6.538 GC heap after
Heap after GC invocations=8 (full 1):
 PSYoungGen      total 18944K, used 2721K [0x00000000e0000000, 0x00000000e2000000, 0x0000000100000000)
  eden space 14848K, 0% used [0x00000000e0000000,0x00000000e0000000,0x00000000e0e80000)
  from space 4096K, 66% used [0x00000000e0e80000,0x00000000e11286a0,0x00000000e1280000)
  to   space 4096K, 0% used [0x00000000e1c00000,0x00000000e1c00000,0x00000000e2000000)
 ParOldGen       total 29184K, used 3768K [0x00000000a0000000, 0x00000000a1c80000, 0x00000000e0000000)
  object space 29184K, 12% used [0x00000000a0000000,0x00000000a03ae1f8,0x00000000a1c80000)
 Metaspace       used 13911K, capacity 14312K, committed 14336K, reserved 1062912K
  class space    used 1915K, capacity 2028K, committed 2048K, reserved 1048576K
}
Event: 6.754 GC heap before
{Heap before GC invocations=9 (full 1):
 PSYoungGen      total 18944K, used 17569K [0x00000000e0000000, 0x00000000e2000000, 0x0000000100000000)
  eden space 14848K, 100% used [0x00000000e0000000,0x00000000e0e80000,0x00000000e0e80000)
  from space 4096K, 66% used [0x00000000e0e80000,0x00000000e11286a0,0x00000000e1280000)
  to   space 4096K, 0% used [0x00000000e1c00000,0x00000000e1c00000,0x00000000e2000000)
 ParOldGen       total 29184K, used 3768K [0x00000000a0000000, 0x00000000a1c80000, 0x00000000e0000000)
  object space 29184K, 12% used [0x00000000a0000000,0x00000000a03ae1f8,0x00000000a1c80000)
 Metaspace       used 14633K, capacity 14988K, committed 15360K, reserved 1062912K
  class space    used 2073K, capacity 2190K, committed 2304K, reserved 1048576K
Event: 6.762 GC heap after
Heap after GC invocations=9 (full 1):
 PSYoungGen      total 28672K, used 2558K [0x00000000e0000000, 0x00000000e2100000, 0x0000000100000000)
  eden space 24576K, 0% used [0x00000000e0000000,0x00000000e0000000,0x00000000e1800000)
  from space 4096K, 62% used [0x00000000e1c00000,0x00000000e1e7fb90,0x00000000e2000000)
  to   space 4096K, 0% used [0x00000000e1800000,0x00000000e1800000,0x00000000e1c00000)
 ParOldGen       total 29184K, used 3768K [0x00000000a0000000, 0x00000000a1c80000, 0x00000000e0000000)
  object space 29184K, 12% used [0x00000000a0000000,0x00000000a03ae1f8,0x00000000a1c80000)
 Metaspace       used 14633K, capacity 14988K, committed 15360K, reserved 1062912K
  class space    used 2073K, capacity 2190K, committed 2304K, reserved 1048576K
}

