# JRE version: OpenJDK Runtime Environment (8.0_202-b03) (build 1.8.0_202-release-1483-b03)
# Java VM: OpenJDK 64-Bit Server VM (25.202-b03 mixed mode windows-amd64 compressed oops)
Heap:
 PSYoungGen      total 464384K, used 209180K [0x00000000e0000000, 0x00000000ffd80000, 0x0000000100000000)
  eden space 410112K, 49% used [0x00000000e0000000,0x00000000ec545d10,0x00000000f9080000)
  from space 54272K, 13% used [0x00000000fc880000,0x00000000fcf81440,0x00000000ffd80000)
  to   space 55808K, 0% used [0x00000000f9080000,0x00000000f9080000,0x00000000fc700000)
 ParOldGen       total 156160K, used 98191K [0x00000000a0000000, 0x00000000a9880000, 0x00000000e0000000)
  object space 156160K, 62% used [0x00000000a0000000,0x00000000a5fe3e48,0x00000000a9880000)
 Metaspace       used 106787K, capacity 110648K, committed 111064K, reserved 1146880K
  class space    used 12950K, capacity 13731K, committed 13824K, reserved 1048576K
GC Heap History (10 events):
Event: 2101.354 GC heap before
{Heap before GC invocations=33 (full 4):
 PSYoungGen      total 457728K, used 433682K [0x00000000e0000000, 0x0000000100000000, 0x0000000100000000)
  eden space 405504K, 100% used [0x00000000e0000000,0x00000000f8c00000,0x00000000f8c00000)
  from space 52224K, 53% used [0x00000000fcd00000,0x00000000fe884a00,0x0000000100000000)
  to   space 59392K, 0% used [0x00000000f8c00000,0x00000000f8c00000,0x00000000fc600000)
 ParOldGen       total 136704K, used 99359K [0x00000000a0000000, 0x00000000a8580000, 0x00000000e0000000)
  object space 136704K, 72% used [0x00000000a0000000,0x00000000a6107d50,0x00000000a8580000)
 Metaspace       used 106687K, capacity 110628K, committed 110808K, reserved 1146880K
  class space    used 12964K, capacity 13743K, committed 13824K, reserved 1048576K
Event: 2101.446 GC heap after
Heap after GC invocations=33 (full 4):
 PSYoungGen      total 464896K, used 5031K [0x00000000e0000000, 0x0000000100000000, 0x0000000100000000)
  eden space 405504K, 0% used [0x00000000e0000000,0x00000000e0000000,0x00000000f8c00000)
  from space 59392K, 8% used [0x00000000f8c00000,0x00000000f90e9cf8,0x00000000fc600000)
  to   space 59392K, 0% used [0x00000000fc600000,0x00000000fc600000,0x0000000100000000)
 ParOldGen       total 136704K, used 121909K [0x00000000a0000000, 0x00000000a8580000, 0x00000000e0000000)
  object space 136704K, 89% used [0x00000000a0000000,0x00000000a770d698,0x00000000a8580000)
 Metaspace       used 106687K, capacity 110628K, committed 110808K, reserved 1146880K
  class space    used 12964K, capacity 13743K, committed 13824K, reserved 1048576K
}
Event: 2101.446 GC heap before
{Heap before GC invocations=34 (full 5):
 PSYoungGen      total 464896K, used 5031K [0x00000000e0000000, 0x0000000100000000, 0x0000000100000000)
  eden space 405504K, 0% used [0x00000000e0000000,0x00000000e0000000,0x00000000f8c00000)
  from space 59392K, 8% used [0x00000000f8c00000,0x00000000f90e9cf8,0x00000000fc600000)
  to   space 59392K, 0% used [0x00000000fc600000,0x00000000fc600000,0x0000000100000000)
 ParOldGen       total 136704K, used 121909K [0x00000000a0000000, 0x00000000a8580000, 0x00000000e0000000)
  object space 136704K, 89% used [0x00000000a0000000,0x00000000a770d698,0x00000000a8580000)
 Metaspace       used 106687K, capacity 110628K, committed 110808K, reserved 1146880K
  class space    used 12964K, capacity 13743K, committed 13824K, reserved 1048576K
Event: 2102.521 GC heap after
Heap after GC invocations=34 (full 5):
 PSYoungGen      total 464896K, used 0K [0x00000000e0000000, 0x0000000100000000, 0x0000000100000000)
  eden space 405504K, 0% used [0x00000000e0000000,0x00000000e0000000,0x00000000f8c00000)
  from space 59392K, 0% used [0x00000000f8c00000,0x00000000f8c00000,0x00000000fc600000)
  to   space 59392K, 0% used [0x00000000fc600000,0x00000000fc600000,0x0000000100000000)
 ParOldGen       total 156160K, used 82252K [0x00000000a0000000, 0x00000000a9880000, 0x00000000e0000000)
  object space 156160K, 52% used [0x00000000a0000000,0x00000000a50533e0,0x00000000a9880000)
 Metaspace       used 106595K, capacity 110462K, committed 110808K, reserved 1146880K
  class space    used 12938K, capacity 13696K, committed 13824K, reserved 1048576K
}
Event: 2115.926 GC heap before
{Heap before GC invocations=35 (full 5):
 PSYoungGen      total 464896K, used 405504K [0x00000000e0000000, 0x0000000100000000, 0x0000000100000000)
  eden space 405504K, 100% used [0x00000000e0000000,0x00000000f8c00000,0x00000000f8c00000)
  from space 59392K, 0% used [0x00000000f8c00000,0x00000000f8c00000,0x00000000fc600000)
  to   space 59392K, 0% used [0x00000000fc600000,0x00000000fc600000,0x0000000100000000)
 ParOldGen       total 156160K, used 83548K [0x00000000a0000000, 0x00000000a9880000, 0x00000000e0000000)
  object space 156160K, 53% used [0x00000000a0000000,0x00000000a51972e8,0x00000000a9880000)
 Metaspace       used 106631K, capacity 110472K, committed 110808K, reserved 1146880K
  class space    used 12939K, capacity 13697K, committed 13824K, reserved 1048576K
Event: 2115.970 GC heap after
Heap after GC invocations=35 (full 5):
 PSYoungGen      total 460800K, used 16050K [0x00000000e0000000, 0x00000000ffc00000, 0x0000000100000000)
  eden space 405504K, 0% used [0x00000000e0000000,0x00000000e0000000,0x00000000f8c00000)
  from space 55296K, 29% used [0x00000000fc600000,0x00000000fd5acb40,0x00000000ffc00000)
  to   space 57344K, 0% used [0x00000000f8c00000,0x00000000f8c00000,0x00000000fc400000)
 ParOldGen       total 156160K, used 83556K [0x00000000a0000000, 0x00000000a9880000, 0x00000000e0000000)
  object space 156160K, 53% used [0x00000000a0000000,0x00000000a51992e8,0x00000000a9880000)
 Metaspace       used 106631K, capacity 110472K, committed 110808K, reserved 1146880K
  class space    used 12939K, capacity 13697K, committed 13824K, reserved 1048576K
}
Event: 2125.975 GC heap before
{Heap before GC invocations=36 (full 5):
 PSYoungGen      total 460800K, used 421554K [0x00000000e0000000, 0x00000000ffc00000, 0x0000000100000000)
  eden space 405504K, 100% used [0x00000000e0000000,0x00000000f8c00000,0x00000000f8c00000)
  from space 55296K, 29% used [0x00000000fc600000,0x00000000fd5acb40,0x00000000ffc00000)
  to   space 57344K, 0% used [0x00000000f8c00000,0x00000000f8c00000,0x00000000fc400000)
 ParOldGen       total 156160K, used 83558K [0x00000000a0000000, 0x00000000a9880000, 0x00000000e0000000)
  object space 156160K, 53% used [0x00000000a0000000,0x00000000a5199b20,0x00000000a9880000)
 Metaspace       used 106662K, capacity 110538K, committed 110808K, reserved 1146880K
  class space    used 12941K, capacity 13698K, committed 13824K, reserved 1048576K
Event: 2126.059 GC heap after
Heap after GC invocations=36 (full 5):
 PSYoungGen      total 462848K, used 5731K [0x00000000e0000000, 0x0000000100000000, 0x0000000100000000)
  eden space 405504K, 0% used [0x00000000e0000000,0x00000000e0000000,0x00000000f8c00000)
  from space 57344K, 9% used [0x00000000f8c00000,0x00000000f9198e10,0x00000000fc400000)
  to   space 56832K, 0% used [0x00000000fc880000,0x00000000fc880000,0x0000000100000000)
 ParOldGen       total 156160K, used 96027K [0x00000000a0000000, 0x00000000a9880000, 0x00000000e0000000)
  object space 156160K, 61% used [0x00000000a0000000,0x00000000a5dc6d38,0x00000000a9880000)
 Metaspace       used 106662K, capacity 110538K, committed 110808K, reserved 1146880K
  class space    used 12941K, capacity 13698K, committed 13824K, reserved 1048576K
}
Event: 2130.397 GC heap before
{Heap before GC invocations=37 (full 5):
 PSYoungGen      total 462848K, used 411235K [0x00000000e0000000, 0x0000000100000000, 0x0000000100000000)
  eden space 405504K, 100% used [0x00000000e0000000,0x00000000f8c00000,0x00000000f8c00000)
  from space 57344K, 9% used [0x00000000f8c00000,0x00000000f9198e10,0x00000000fc400000)
  to   space 56832K, 0% used [0x00000000fc880000,0x00000000fc880000,0x0000000100000000)
 ParOldGen       total 156160K, used 96027K [0x00000000a0000000, 0x00000000a9880000, 0x00000000e0000000)
  object space 156160K, 61% used [0x00000000a0000000,0x00000000a5dc6d38,0x00000000a9880000)
 Metaspace       used 106718K, capacity 110548K, committed 110808K, reserved 1146880K
  class space    used 12944K, capacity 13699K, committed 13824K, reserved 1048576K
Event: 2130.418 GC heap after
Heap after GC invocations=37 (full 5):
 PSYoungGen      total 464384K, used 7173K [0x00000000e0000000, 0x00000000ffd80000, 0x0000000100000000)
  eden space 410112K, 0% used [0x00000000e0000000,0x00000000e0000000,0x00000000f9080000)
  from space 54272K, 13% used [0x00000000fc880000,0x00000000fcf81440,0x00000000ffd80000)
  to   space 55808K, 0% used [0x00000000f9080000,0x00000000f9080000,0x00000000fc700000)
 ParOldGen       total 156160K, used 98191K [0x00000000a0000000, 0x00000000a9880000, 0x00000000e0000000)
  object space 156160K, 62% used [0x00000000a0000000,0x00000000a5fe3e48,0x00000000a9880000)
 Metaspace       used 106718K, capacity 110548K, committed 110808K, reserved 1146880K
  class space    used 12944K, capacity 13699K, committed 13824K, reserved 1048576K
}

