# JRE version: OpenJDK Runtime Environment (8.0_202-b03) (build 1.8.0_202-release-1483-b03)
# Java VM: OpenJDK 64-Bit Server VM (25.202-b03 mixed mode windows-amd64 compressed oops)
Heap:
 PSYoungGen      total 21504K, used 12790K [0x00000000e0000000, 0x00000000e2900000, 0x0000000100000000)
  eden space 15872K, 58% used [0x00000000e0000000,0x00000000e090d600,0x00000000e0f80000)
  from space 5632K, 62% used [0x00000000e0f80000,0x00000000e12f0548,0x00000000e1500000)
  to   space 5120K, 0% used [0x00000000e2400000,0x00000000e2400000,0x00000000e2900000)
 ParOldGen       total 44032K, used 5368K [0x00000000a0000000, 0x00000000a2b00000, 0x00000000e0000000)
  object space 44032K, 12% used [0x00000000a0000000,0x00000000a053e0f8,0x00000000a2b00000)
 Metaspace       used 15461K, capacity 15876K, committed 16000K, reserved 1062912K
  class space    used 2194K, capacity 2360K, committed 2432K, reserved 1048576K
GC Heap History (10 events):
Event: 2.911 GC heap before
{Heap before GC invocations=3 (full 0):
 PSYoungGen      total 18944K, used 18934K [0x00000000e0000000, 0x00000000e1500000, 0x0000000100000000)
  eden space 16384K, 100% used [0x00000000e0000000,0x00000000e1000000,0x00000000e1000000)
  from space 2560K, 99% used [0x00000000e1280000,0x00000000e14fd960,0x00000000e1500000)
  to   space 2560K, 0% used [0x00000000e1000000,0x00000000e1000000,0x00000000e1280000)
 ParOldGen       total 44032K, used 282K [0x00000000a0000000, 0x00000000a2b00000, 0x00000000e0000000)
  object space 44032K, 0% used [0x00000000a0000000,0x00000000a00468d8,0x00000000a2b00000)
 Metaspace       used 6853K, capacity 7132K, committed 7424K, reserved 1056768K
  class space    used 840K, capacity 916K, committed 1024K, reserved 1048576K
Event: 2.918 GC heap after
Heap after GC invocations=3 (full 0):
 PSYoungGen      total 18944K, used 2532K [0x00000000e0000000, 0x00000000e1500000, 0x0000000100000000)
  eden space 16384K, 0% used [0x00000000e0000000,0x00000000e0000000,0x00000000e1000000)
  from space 2560K, 98% used [0x00000000e1000000,0x00000000e1279390,0x00000000e1280000)
  to   space 2560K, 0% used [0x00000000e1280000,0x00000000e1280000,0x00000000e1500000)
 ParOldGen       total 44032K, used 539K [0x00000000a0000000, 0x00000000a2b00000, 0x00000000e0000000)
  object space 44032K, 1% used [0x00000000a0000000,0x00000000a0086c08,0x00000000a2b00000)
 Metaspace       used 6853K, capacity 7132K, committed 7424K, reserved 1056768K
  class space    used 840K, capacity 916K, committed 1024K, reserved 1048576K
}
Event: 3.455 GC heap before
{Heap before GC invocations=4 (full 0):
 PSYoungGen      total 18944K, used 18916K [0x00000000e0000000, 0x00000000e1500000, 0x0000000100000000)
  eden space 16384K, 100% used [0x00000000e0000000,0x00000000e1000000,0x00000000e1000000)
  from space 2560K, 98% used [0x00000000e1000000,0x00000000e1279390,0x00000000e1280000)
  to   space 2560K, 0% used [0x00000000e1280000,0x00000000e1280000,0x00000000e1500000)
 ParOldGen       total 44032K, used 539K [0x00000000a0000000, 0x00000000a2b00000, 0x00000000e0000000)
  object space 44032K, 1% used [0x00000000a0000000,0x00000000a0086c08,0x00000000a2b00000)
 Metaspace       used 8986K, capacity 9258K, committed 9472K, reserved 1056768K
  class space    used 1169K, capacity 1259K, committed 1280K, reserved 1048576K
Event: 3.468 GC heap after
Heap after GC invocations=4 (full 0):
 PSYoungGen      total 18944K, used 2528K [0x00000000e0000000, 0x00000000e2500000, 0x0000000100000000)
  eden space 16384K, 0% used [0x00000000e0000000,0x00000000e0000000,0x00000000e1000000)
  from space 2560K, 98% used [0x00000000e1280000,0x00000000e14f8040,0x00000000e1500000)
  to   space 2560K, 0% used [0x00000000e1000000,0x00000000e1000000,0x00000000e1280000)
 ParOldGen       total 44032K, used 1955K [0x00000000a0000000, 0x00000000a2b00000, 0x00000000e0000000)
  object space 44032K, 4% used [0x00000000a0000000,0x00000000a01e8f48,0x00000000a2b00000)
 Metaspace       used 8986K, capacity 9258K, committed 9472K, reserved 1056768K
  class space    used 1169K, capacity 1259K, committed 1280K, reserved 1048576K
}
Event: 5.677 GC heap before
{Heap before GC invocations=5 (full 0):
 PSYoungGen      total 18944K, used 18912K [0x00000000e0000000, 0x00000000e2500000, 0x0000000100000000)
  eden space 16384K, 100% used [0x00000000e0000000,0x00000000e1000000,0x00000000e1000000)
  from space 2560K, 98% used [0x00000000e1280000,0x00000000e14f8040,0x00000000e1500000)
  to   space 2560K, 0% used [0x00000000e1000000,0x00000000e1000000,0x00000000e1280000)
 ParOldGen       total 44032K, used 1955K [0x00000000a0000000, 0x00000000a2b00000, 0x00000000e0000000)
  object space 44032K, 4% used [0x00000000a0000000,0x00000000a01e8f48,0x00000000a2b00000)
 Metaspace       used 12303K, capacity 12654K, committed 12800K, reserved 1060864K
  class space    used 1660K, capacity 1771K, committed 1792K, reserved 1048576K
Event: 5.689 GC heap after
Heap after GC invocations=5 (full 0):
 PSYoungGen      total 18944K, used 2544K [0x00000000e0000000, 0x00000000e1a00000, 0x0000000100000000)
  eden space 16384K, 0% used [0x00000000e0000000,0x00000000e0000000,0x00000000e1000000)
  from space 2560K, 99% used [0x00000000e1000000,0x00000000e127c030,0x00000000e1280000)
  to   space 5120K, 0% used [0x00000000e1500000,0x00000000e1500000,0x00000000e1a00000)
 ParOldGen       total 44032K, used 4347K [0x00000000a0000000, 0x00000000a2b00000, 0x00000000e0000000)
  object space 44032K, 9% used [0x00000000a0000000,0x00000000a043eca0,0x00000000a2b00000)
 Metaspace       used 12303K, capacity 12654K, committed 12800K, reserved 1060864K
  class space    used 1660K, capacity 1771K, committed 1792K, reserved 1048576K
}
Event: 6.077 GC heap before
{Heap before GC invocations=6 (full 0):
 PSYoungGen      total 18944K, used 18928K [0x00000000e0000000, 0x00000000e1a00000, 0x0000000100000000)
  eden space 16384K, 100% used [0x00000000e0000000,0x00000000e1000000,0x00000000e1000000)
  from space 2560K, 99% used [0x00000000e1000000,0x00000000e127c030,0x00000000e1280000)
  to   space 5120K, 0% used [0x00000000e1500000,0x00000000e1500000,0x00000000e1a00000)
 ParOldGen       total 44032K, used 4347K [0x00000000a0000000, 0x00000000a2b00000, 0x00000000e0000000)
  object space 44032K, 9% used [0x00000000a0000000,0x00000000a043eca0,0x00000000a2b00000)
 Metaspace       used 13555K, capacity 13972K, committed 14080K, reserved 1060864K
  class space    used 1862K, capacity 1998K, committed 2048K, reserved 1048576K
Event: 6.093 GC heap after
Heap after GC invocations=6 (full 0):
 PSYoungGen      total 20992K, used 4255K [0x00000000e0000000, 0x00000000e2b00000, 0x0000000100000000)
  eden space 15872K, 0% used [0x00000000e0000000,0x00000000e0000000,0x00000000e0f80000)
  from space 5120K, 83% used [0x00000000e1500000,0x00000000e1927dc8,0x00000000e1a00000)
  to   space 5632K, 0% used [0x00000000e0f80000,0x00000000e0f80000,0x00000000e1500000)
 ParOldGen       total 44032K, used 4347K [0x00000000a0000000, 0x00000000a2b00000, 0x00000000e0000000)
  object space 44032K, 9% used [0x00000000a0000000,0x00000000a043eca0,0x00000000a2b00000)
 Metaspace       used 13555K, capacity 13972K, committed 14080K, reserved 1060864K
  class space    used 1862K, capacity 1998K, committed 2048K, reserved 1048576K
}
Event: 6.585 GC heap before
{Heap before GC invocations=7 (full 0):
 PSYoungGen      total 20992K, used 20127K [0x00000000e0000000, 0x00000000e2b00000, 0x0000000100000000)
  eden space 15872K, 100% used [0x00000000e0000000,0x00000000e0f80000,0x00000000e0f80000)
  from space 5120K, 83% used [0x00000000e1500000,0x00000000e1927dc8,0x00000000e1a00000)
  to   space 5632K, 0% used [0x00000000e0f80000,0x00000000e0f80000,0x00000000e1500000)
 ParOldGen       total 44032K, used 4347K [0x00000000a0000000, 0x00000000a2b00000, 0x00000000e0000000)
  object space 44032K, 9% used [0x00000000a0000000,0x00000000a043eca0,0x00000000a2b00000)
 Metaspace       used 14521K, capacity 14936K, committed 15104K, reserved 1062912K
  class space    used 2046K, capacity 2192K, committed 2304K, reserved 1048576K
Event: 6.597 GC heap after
Heap after GC invocations=7 (full 0):
 PSYoungGen      total 21504K, used 3521K [0x00000000e0000000, 0x00000000e2900000, 0x0000000100000000)
  eden space 15872K, 0% used [0x00000000e0000000,0x00000000e0000000,0x00000000e0f80000)
  from space 5632K, 62% used [0x00000000e0f80000,0x00000000e12f0548,0x00000000e1500000)
  to   space 5120K, 0% used [0x00000000e2400000,0x00000000e2400000,0x00000000e2900000)
 ParOldGen       total 44032K, used 5368K [0x00000000a0000000, 0x00000000a2b00000, 0x00000000e0000000)
  object space 44032K, 12% used [0x00000000a0000000,0x00000000a053e0f8,0x00000000a2b00000)
 Metaspace       used 14521K, capacity 14936K, committed 15104K, reserved 1062912K
  class space    used 2046K, capacity 2192K, committed 2304K, reserved 1048576K
}

