# JRE version: OpenJDK Runtime Environment (8.0_152-b01) (build 1.8.0_152-release-1343-b01)
# Java VM: OpenJDK 64-Bit Server VM (25.152-b01 mixed mode windows-amd64 compressed oops)
Heap:
 PSYoungGen      total 109056K, used 26348K [0x00000000e0000000, 0x00000000e7700000, 0x0000000100000000)
  eden space 97792K, 17% used [0x00000000e0000000,0x00000000e1081308,0x00000000e5f80000)
  from space 11264K, 83% used [0x00000000e5f80000,0x00000000e68b9fc0,0x00000000e6a80000)
  to   space 11264K, 0% used [0x00000000e6a80000,0x00000000e6a80000,0x00000000e7580000)
 ParOldGen       total 103936K, used 16544K [0x00000000a0000000, 0x00000000a6580000, 0x00000000e0000000)
  object space 103936K, 15% used [0x00000000a0000000,0x00000000a10280c8,0x00000000a6580000)
 Metaspace       used 40135K, capacity 40890K, committed 41176K, reserved 1085440K
  class space    used 5519K, capacity 5788K, committed 5888K, reserved 1048576K
GC Heap History (10 events):
Event: 2.633 GC heap before
{Heap before GC invocations=5 (full 1):
 PSYoungGen      total 75776K, used 65024K [0x00000000e0000000, 0x00000000e5480000, 0x0000000100000000)
  eden space 65024K, 100% used [0x00000000e0000000,0x00000000e3f80000,0x00000000e3f80000)
  from space 10752K, 0% used [0x00000000e3f80000,0x00000000e3f80000,0x00000000e4a00000)
  to   space 10752K, 0% used [0x00000000e4a00000,0x00000000e4a00000,0x00000000e5480000)
 ParOldGen       total 103936K, used 8623K [0x00000000a0000000, 0x00000000a6580000, 0x00000000e0000000)
  object space 103936K, 8% used [0x00000000a0000000,0x00000000a086beb0,0x00000000a6580000)
 Metaspace       used 26523K, capacity 27062K, committed 27136K, reserved 1073152K
  class space    used 3660K, capacity 3830K, committed 3840K, reserved 1048576K
Event: 2.641 GC heap after
Heap after GC invocations=5 (full 1):
 PSYoungGen      total 75776K, used 7054K [0x00000000e0000000, 0x00000000e7480000, 0x0000000100000000)
  eden space 65024K, 0% used [0x00000000e0000000,0x00000000e0000000,0x00000000e3f80000)
  from space 10752K, 65% used [0x00000000e4a00000,0x00000000e50e3868,0x00000000e5480000)
  to   space 10752K, 0% used [0x00000000e3f80000,0x00000000e3f80000,0x00000000e4a00000)
 ParOldGen       total 103936K, used 8631K [0x00000000a0000000, 0x00000000a6580000, 0x00000000e0000000)
  object space 103936K, 8% used [0x00000000a0000000,0x00000000a086deb0,0x00000000a6580000)
 Metaspace       used 26523K, capacity 27062K, committed 27136K, reserved 1073152K
  class space    used 3660K, capacity 3830K, committed 3840K, reserved 1048576K
}
Event: 3.166 GC heap before
{Heap before GC invocations=6 (full 1):
 PSYoungGen      total 75776K, used 72078K [0x00000000e0000000, 0x00000000e7480000, 0x0000000100000000)
  eden space 65024K, 100% used [0x00000000e0000000,0x00000000e3f80000,0x00000000e3f80000)
  from space 10752K, 65% used [0x00000000e4a00000,0x00000000e50e3868,0x00000000e5480000)
  to   space 10752K, 0% used [0x00000000e3f80000,0x00000000e3f80000,0x00000000e4a00000)
 ParOldGen       total 103936K, used 8631K [0x00000000a0000000, 0x00000000a6580000, 0x00000000e0000000)
  object space 103936K, 8% used [0x00000000a0000000,0x00000000a086dec0,0x00000000a6580000)
 Metaspace       used 30001K, capacity 30588K, committed 30848K, reserved 1075200K
  class space    used 4215K, capacity 4431K, committed 4480K, reserved 1048576K
Event: 3.176 GC heap after
Heap after GC invocations=6 (full 1):
 PSYoungGen      total 75776K, used 9312K [0x00000000e0000000, 0x00000000e7580000, 0x0000000100000000)
  eden space 65024K, 0% used [0x00000000e0000000,0x00000000e0000000,0x00000000e3f80000)
  from space 10752K, 86% used [0x00000000e3f80000,0x00000000e4898108,0x00000000e4a00000)
  to   space 11264K, 0% used [0x00000000e6a80000,0x00000000e6a80000,0x00000000e7580000)
 ParOldGen       total 103936K, used 8639K [0x00000000a0000000, 0x00000000a6580000, 0x00000000e0000000)
  object space 103936K, 8% used [0x00000000a0000000,0x00000000a086fec0,0x00000000a6580000)
 Metaspace       used 30001K, capacity 30588K, committed 30848K, reserved 1075200K
  class space    used 4215K, capacity 4431K, committed 4480K, reserved 1048576K
}
Event: 3.467 GC heap before
{Heap before GC invocations=7 (full 1):
 PSYoungGen      total 75776K, used 37797K [0x00000000e0000000, 0x00000000e7580000, 0x0000000100000000)
  eden space 65024K, 43% used [0x00000000e0000000,0x00000000e1bd1530,0x00000000e3f80000)
  from space 10752K, 86% used [0x00000000e3f80000,0x00000000e4898108,0x00000000e4a00000)
  to   space 11264K, 0% used [0x00000000e6a80000,0x00000000e6a80000,0x00000000e7580000)
 ParOldGen       total 103936K, used 8639K [0x00000000a0000000, 0x00000000a6580000, 0x00000000e0000000)
  object space 103936K, 8% used [0x00000000a0000000,0x00000000a086fec0,0x00000000a6580000)
 Metaspace       used 34749K, capacity 35294K, committed 35416K, reserved 1079296K
  class space    used 4807K, capacity 4979K, committed 4992K, reserved 1048576K
Event: 3.475 GC heap after
Heap after GC invocations=7 (full 1):
 PSYoungGen      total 109056K, used 9859K [0x00000000e0000000, 0x00000000e7700000, 0x0000000100000000)
  eden space 97792K, 0% used [0x00000000e0000000,0x00000000e0000000,0x00000000e5f80000)
  from space 11264K, 87% used [0x00000000e6a80000,0x00000000e7420d48,0x00000000e7580000)
  to   space 11264K, 0% used [0x00000000e5f80000,0x00000000e5f80000,0x00000000e6a80000)
 ParOldGen       total 103936K, used 8647K [0x00000000a0000000, 0x00000000a6580000, 0x00000000e0000000)
  object space 103936K, 8% used [0x00000000a0000000,0x00000000a0871ec0,0x00000000a6580000)
 Metaspace       used 34749K, capacity 35294K, committed 35416K, reserved 1079296K
  class space    used 4807K, capacity 4979K, committed 4992K, reserved 1048576K
}
Event: 3.475 GC heap before
{Heap before GC invocations=8 (full 2):
 PSYoungGen      total 109056K, used 9859K [0x00000000e0000000, 0x00000000e7700000, 0x0000000100000000)
  eden space 97792K, 0% used [0x00000000e0000000,0x00000000e0000000,0x00000000e5f80000)
  from space 11264K, 87% used [0x00000000e6a80000,0x00000000e7420d48,0x00000000e7580000)
  to   space 11264K, 0% used [0x00000000e5f80000,0x00000000e5f80000,0x00000000e6a80000)
 ParOldGen       total 103936K, used 8647K [0x00000000a0000000, 0x00000000a6580000, 0x00000000e0000000)
  object space 103936K, 8% used [0x00000000a0000000,0x00000000a0871ec0,0x00000000a6580000)
 Metaspace       used 34749K, capacity 35294K, committed 35416K, reserved 1079296K
  class space    used 4807K, capacity 4979K, committed 4992K, reserved 1048576K
Event: 3.509 GC heap after
Heap after GC invocations=8 (full 2):
 PSYoungGen      total 109056K, used 0K [0x00000000e0000000, 0x00000000e7700000, 0x0000000100000000)
  eden space 97792K, 0% used [0x00000000e0000000,0x00000000e0000000,0x00000000e5f80000)
  from space 11264K, 0% used [0x00000000e6a80000,0x00000000e6a80000,0x00000000e7580000)
  to   space 11264K, 0% used [0x00000000e5f80000,0x00000000e5f80000,0x00000000e6a80000)
 ParOldGen       total 103936K, used 16527K [0x00000000a0000000, 0x00000000a6580000, 0x00000000e0000000)
  object space 103936K, 15% used [0x00000000a0000000,0x00000000a1023d60,0x00000000a6580000)
 Metaspace       used 34749K, capacity 35294K, committed 35416K, reserved 1079296K
  class space    used 4807K, capacity 4979K, committed 4992K, reserved 1048576K
}
Event: 4.037 GC heap before
{Heap before GC invocations=9 (full 2):
 PSYoungGen      total 109056K, used 97792K [0x00000000e0000000, 0x00000000e7700000, 0x0000000100000000)
  eden space 97792K, 100% used [0x00000000e0000000,0x00000000e5f80000,0x00000000e5f80000)
  from space 11264K, 0% used [0x00000000e6a80000,0x00000000e6a80000,0x00000000e7580000)
  to   space 11264K, 0% used [0x00000000e5f80000,0x00000000e5f80000,0x00000000e6a80000)
 ParOldGen       total 103936K, used 16536K [0x00000000a0000000, 0x00000000a6580000, 0x00000000e0000000)
  object space 103936K, 15% used [0x00000000a0000000,0x00000000a10260c8,0x00000000a6580000)
 Metaspace       used 38653K, capacity 39456K, committed 39640K, reserved 1083392K
  class space    used 5298K, capacity 5566K, committed 5632K, reserved 1048576K
Event: 4.053 GC heap after
Heap after GC invocations=9 (full 2):
 PSYoungGen      total 109056K, used 9447K [0x00000000e0000000, 0x00000000e7700000, 0x0000000100000000)
  eden space 97792K, 0% used [0x00000000e0000000,0x00000000e0000000,0x00000000e5f80000)
  from space 11264K, 83% used [0x00000000e5f80000,0x00000000e68b9fc0,0x00000000e6a80000)
  to   space 11264K, 0% used [0x00000000e6a80000,0x00000000e6a80000,0x00000000e7580000)
 ParOldGen       total 103936K, used 16544K [0x00000000a0000000, 0x00000000a6580000, 0x00000000e0000000)
  object space 103936K, 15% used [0x00000000a0000000,0x00000000a10280c8,0x00000000a6580000)
 Metaspace       used 38653K, capacity 39456K, committed 39640K, reserved 1083392K
  class space    used 5298K, capacity 5566K, committed 5632K, reserved 1048576K
}

