# JRE version: OpenJDK Runtime Environment (8.0_202-b03) (build 1.8.0_202-release-1483-b03)
# Java VM: OpenJDK 64-Bit Server VM (25.202-b03 mixed mode windows-amd64 compressed oops)
Heap:
 PSYoungGen      total 377344K, used 655K [0x00000000e0000000, 0x00000000fa780000, 0x0000000100000000)
  eden space 321024K, 0% used [0x00000000e0000000,0x00000000e0000000,0x00000000f3980000)
  from space 56320K, 1% used [0x00000000f3980000,0x00000000f3a23ca0,0x00000000f7080000)
  to   space 51712K, 0% used [0x00000000f7500000,0x00000000f7500000,0x00000000fa780000)
 ParOldGen       total 207360K, used 66743K [0x00000000a0000000, 0x00000000aca80000, 0x00000000e0000000)
  object space 207360K, 32% used [0x00000000a0000000,0x00000000a412dca8,0x00000000aca80000)
 Metaspace       used 117402K, capacity 121922K, committed 124504K, reserved 1165312K
  class space    used 14625K, capacity 15449K, committed 16000K, reserved 1048576K
GC Heap History (10 events):
Event: 7994.016 GC heap after
Heap after GC invocations=48 (full 5):
 PSYoungGen      total 377344K, used 1444K [0x00000000e0000000, 0x00000000fa780000, 0x0000000100000000)
  eden space 321024K, 0% used [0x00000000e0000000,0x00000000e0000000,0x00000000f3980000)
  from space 56320K, 2% used [0x00000000f3980000,0x00000000f3ae9020,0x00000000f7080000)
  to   space 51712K, 0% used [0x00000000f7500000,0x00000000f7500000,0x00000000fa780000)
 ParOldGen       total 207360K, used 79020K [0x00000000a0000000, 0x00000000aca80000, 0x00000000e0000000)
  object space 207360K, 38% used [0x00000000a0000000,0x00000000a4d2b318,0x00000000aca80000)
 Metaspace       used 117344K, capacity 122746K, committed 123992K, reserved 1163264K
  class space    used 14717K, capacity 15654K, committed 16000K, reserved 1048576K
}
Event: 7994.016 GC heap before
{Heap before GC invocations=49 (full 6):
 PSYoungGen      total 377344K, used 1444K [0x00000000e0000000, 0x00000000fa780000, 0x0000000100000000)
  eden space 321024K, 0% used [0x00000000e0000000,0x00000000e0000000,0x00000000f3980000)
  from space 56320K, 2% used [0x00000000f3980000,0x00000000f3ae9020,0x00000000f7080000)
  to   space 51712K, 0% used [0x00000000f7500000,0x00000000f7500000,0x00000000fa780000)
 ParOldGen       total 207360K, used 79020K [0x00000000a0000000, 0x00000000aca80000, 0x00000000e0000000)
  object space 207360K, 38% used [0x00000000a0000000,0x00000000a4d2b318,0x00000000aca80000)
 Metaspace       used 117344K, capacity 122746K, committed 123992K, reserved 1163264K
  class space    used 14717K, capacity 15654K, committed 16000K, reserved 1048576K
Event: 7994.902 GC heap after
Heap after GC invocations=49 (full 6):
 PSYoungGen      total 377344K, used 0K [0x00000000e0000000, 0x00000000fa780000, 0x0000000100000000)
  eden space 321024K, 0% used [0x00000000e0000000,0x00000000e0000000,0x00000000f3980000)
  from space 56320K, 0% used [0x00000000f3980000,0x00000000f3980000,0x00000000f7080000)
  to   space 51712K, 0% used [0x00000000f7500000,0x00000000f7500000,0x00000000fa780000)
 ParOldGen       total 207360K, used 67519K [0x00000000a0000000, 0x00000000aca80000, 0x00000000e0000000)
  object space 207360K, 32% used [0x00000000a0000000,0x00000000a41efe98,0x00000000aca80000)
 Metaspace       used 116754K, capacity 121218K, committed 123992K, reserved 1161216K
  class space    used 14580K, capacity 15385K, committed 16000K, reserved 1048576K
}
Event: 7994.912 GC heap before
{Heap before GC invocations=50 (full 6):
 PSYoungGen      total 377344K, used 4353K [0x00000000e0000000, 0x00000000fa780000, 0x0000000100000000)
  eden space 321024K, 1% used [0x00000000e0000000,0x00000000e04407f8,0x00000000f3980000)
  from space 56320K, 0% used [0x00000000f3980000,0x00000000f3980000,0x00000000f7080000)
  to   space 51712K, 0% used [0x00000000f7500000,0x00000000f7500000,0x00000000fa780000)
 ParOldGen       total 207360K, used 67519K [0x00000000a0000000, 0x00000000aca80000, 0x00000000e0000000)
  object space 207360K, 32% used [0x00000000a0000000,0x00000000a41efe98,0x00000000aca80000)
 Metaspace       used 116891K, capacity 121378K, committed 123992K, reserved 1165312K
  class space    used 14590K, capacity 15417K, committed 16000K, reserved 1048576K
Event: 7994.915 GC heap after
Heap after GC invocations=50 (full 6):
 PSYoungGen      total 372736K, used 218K [0x00000000e0000000, 0x00000000fa780000, 0x0000000100000000)
  eden space 321024K, 0% used [0x00000000e0000000,0x00000000e0000000,0x00000000f3980000)
  from space 51712K, 0% used [0x00000000f7500000,0x00000000f7536b80,0x00000000fa780000)
  to   space 56320K, 0% used [0x00000000f3980000,0x00000000f3980000,0x00000000f7080000)
 ParOldGen       total 207360K, used 67519K [0x00000000a0000000, 0x00000000aca80000, 0x00000000e0000000)
  object space 207360K, 32% used [0x00000000a0000000,0x00000000a41efe98,0x00000000aca80000)
 Metaspace       used 116891K, capacity 121378K, committed 123992K, reserved 1165312K
  class space    used 14590K, capacity 15417K, committed 16000K, reserved 1048576K
}
Event: 7994.915 GC heap before
{Heap before GC invocations=51 (full 7):
 PSYoungGen      total 372736K, used 218K [0x00000000e0000000, 0x00000000fa780000, 0x0000000100000000)
  eden space 321024K, 0% used [0x00000000e0000000,0x00000000e0000000,0x00000000f3980000)
  from space 51712K, 0% used [0x00000000f7500000,0x00000000f7536b80,0x00000000fa780000)
  to   space 56320K, 0% used [0x00000000f3980000,0x00000000f3980000,0x00000000f7080000)
 ParOldGen       total 207360K, used 67519K [0x00000000a0000000, 0x00000000aca80000, 0x00000000e0000000)
  object space 207360K, 32% used [0x00000000a0000000,0x00000000a41efe98,0x00000000aca80000)
 Metaspace       used 116891K, capacity 121378K, committed 123992K, reserved 1165312K
  class space    used 14590K, capacity 15417K, committed 16000K, reserved 1048576K
Event: 7995.131 GC heap after
Heap after GC invocations=51 (full 7):
 PSYoungGen      total 372736K, used 0K [0x00000000e0000000, 0x00000000fa780000, 0x0000000100000000)
  eden space 321024K, 0% used [0x00000000e0000000,0x00000000e0000000,0x00000000f3980000)
  from space 51712K, 0% used [0x00000000f7500000,0x00000000f7500000,0x00000000fa780000)
  to   space 56320K, 0% used [0x00000000f3980000,0x00000000f3980000,0x00000000f7080000)
 ParOldGen       total 207360K, used 66743K [0x00000000a0000000, 0x00000000aca80000, 0x00000000e0000000)
  object space 207360K, 32% used [0x00000000a0000000,0x00000000a412dca8,0x00000000aca80000)
 Metaspace       used 116891K, capacity 121378K, committed 123992K, reserved 1161216K
  class space    used 14590K, capacity 15417K, committed 16000K, reserved 1048576K
}
Event: 7995.265 GC heap before
{Heap before GC invocations=52 (full 7):
 PSYoungGen      total 372736K, used 5903K [0x00000000e0000000, 0x00000000fa780000, 0x0000000100000000)
  eden space 321024K, 1% used [0x00000000e0000000,0x00000000e05c3eb8,0x00000000f3980000)
  from space 51712K, 0% used [0x00000000f7500000,0x00000000f7500000,0x00000000fa780000)
  to   space 56320K, 0% used [0x00000000f3980000,0x00000000f3980000,0x00000000f7080000)
 ParOldGen       total 207360K, used 66743K [0x00000000a0000000, 0x00000000aca80000, 0x00000000e0000000)
  object space 207360K, 32% used [0x00000000a0000000,0x00000000a412dca8,0x00000000aca80000)
 Metaspace       used 117402K, capacity 121922K, committed 124504K, reserved 1165312K
  class space    used 14625K, capacity 15449K, committed 16000K, reserved 1048576K
Event: 7995.268 GC heap after
Heap after GC invocations=52 (full 7):
 PSYoungGen      total 377344K, used 655K [0x00000000e0000000, 0x00000000fa780000, 0x0000000100000000)
  eden space 321024K, 0% used [0x00000000e0000000,0x00000000e0000000,0x00000000f3980000)
  from space 56320K, 1% used [0x00000000f3980000,0x00000000f3a23ca0,0x00000000f7080000)
  to   space 51712K, 0% used [0x00000000f7500000,0x00000000f7500000,0x00000000fa780000)
 ParOldGen       total 207360K, used 66743K [0x00000000a0000000, 0x00000000aca80000, 0x00000000e0000000)
  object space 207360K, 32% used [0x00000000a0000000,0x00000000a412dca8,0x00000000aca80000)
 Metaspace       used 117402K, capacity 121922K, committed 124504K, reserved 1165312K
  class space    used 14625K, capacity 15449K, committed 16000K, reserved 1048576K
}
Event: 7995.268 GC heap before
{Heap before GC invocations=53 (full 8):
 PSYoungGen      total 377344K, used 655K [0x00000000e0000000, 0x00000000fa780000, 0x0000000100000000)
  eden space 321024K, 0% used [0x00000000e0000000,0x00000000e0000000,0x00000000f3980000)
  from space 56320K, 1% used [0x00000000f3980000,0x00000000f3a23ca0,0x00000000f7080000)
  to   space 51712K, 0% used [0x00000000f7500000,0x00000000f7500000,0x00000000fa780000)
 ParOldGen       total 207360K, used 66743K [0x00000000a0000000, 0x00000000aca80000, 0x00000000e0000000)
  object space 207360K, 32% used [0x00000000a0000000,0x00000000a412dca8,0x00000000aca80000)
 Metaspace       used 117402K, capacity 121922K, committed 124504K, reserved 1165312K
  class space    used 14625K, capacity 15449K, committed 16000K, reserved 1048576K

