# JRE version: OpenJDK Runtime Environment (8.0_152-b01) (build 1.8.0_152-release-1343-b01)
# Java VM: OpenJDK 64-Bit Server VM (25.152-b01 mixed mode windows-amd64 compressed oops)
Heap:
 PSYoungGen      total 137216K, used 40582K [0x00000000e0000000, 0x00000000eb300000, 0x0000000100000000)
  eden space 126464K, 32% used [0x00000000e0000000,0x00000000e27a1aa0,0x00000000e7b80000)
  from space 10752K, 0% used [0x00000000e7b80000,0x00000000e7b80000,0x00000000e8600000)
  to   space 13824K, 0% used [0x00000000ea580000,0x00000000ea580000,0x00000000eb300000)
 ParOldGen       total 165888K, used 19696K [0x00000000a0000000, 0x00000000aa200000, 0x00000000e0000000)
  object space 165888K, 11% used [0x00000000a0000000,0x00000000a133c1d0,0x00000000aa200000)
 Metaspace       used 35799K, capacity 36334K, committed 36568K, reserved 1081344K
  class space    used 4937K, capacity 5113K, committed 5120K, reserved 1048576K
GC Heap History (10 events):
Event: 3.207 GC heap before
{Heap before GC invocations=3 (full 0):
 PSYoungGen      total 75776K, used 32089K [0x00000000e0000000, 0x00000000e9400000, 0x0000000100000000)
  eden space 65024K, 33% used [0x00000000e0000000,0x00000000e1504488,0x00000000e3f80000)
  from space 10752K, 98% used [0x00000000e4a00000,0x00000000e54520d8,0x00000000e5480000)
  to   space 10752K, 0% used [0x00000000e3f80000,0x00000000e3f80000,0x00000000e4a00000)
 ParOldGen       total 173568K, used 24K [0x00000000a0000000, 0x00000000aa980000, 0x00000000e0000000)
  object space 173568K, 0% used [0x00000000a0000000,0x00000000a0006000,0x00000000aa980000)
 Metaspace       used 20850K, capacity 21206K, committed 21248K, reserved 1067008K
  class space    used 2911K, capacity 3039K, committed 3072K, reserved 1048576K
Event: 3.213 GC heap after
Heap after GC invocations=3 (full 0):
 PSYoungGen      total 75776K, used 8750K [0x00000000e0000000, 0x00000000e9400000, 0x0000000100000000)
  eden space 65024K, 0% used [0x00000000e0000000,0x00000000e0000000,0x00000000e3f80000)
  from space 10752K, 81% used [0x00000000e3f80000,0x00000000e480b9a8,0x00000000e4a00000)
  to   space 10752K, 0% used [0x00000000e8980000,0x00000000e8980000,0x00000000e9400000)
 ParOldGen       total 173568K, used 32K [0x00000000a0000000, 0x00000000aa980000, 0x00000000e0000000)
  object space 173568K, 0% used [0x00000000a0000000,0x00000000a0008000,0x00000000aa980000)
 Metaspace       used 20850K, capacity 21206K, committed 21248K, reserved 1067008K
  class space    used 2911K, capacity 3039K, committed 3072K, reserved 1048576K
}
Event: 3.213 GC heap before
{Heap before GC invocations=4 (full 1):
 PSYoungGen      total 75776K, used 8750K [0x00000000e0000000, 0x00000000e9400000, 0x0000000100000000)
  eden space 65024K, 0% used [0x00000000e0000000,0x00000000e0000000,0x00000000e3f80000)
  from space 10752K, 81% used [0x00000000e3f80000,0x00000000e480b9a8,0x00000000e4a00000)
  to   space 10752K, 0% used [0x00000000e8980000,0x00000000e8980000,0x00000000e9400000)
 ParOldGen       total 173568K, used 32K [0x00000000a0000000, 0x00000000aa980000, 0x00000000e0000000)
  object space 173568K, 0% used [0x00000000a0000000,0x00000000a0008000,0x00000000aa980000)
 Metaspace       used 20850K, capacity 21206K, committed 21248K, reserved 1067008K
  class space    used 2911K, capacity 3039K, committed 3072K, reserved 1048576K
Event: 3.242 GC heap after
Heap after GC invocations=4 (full 1):
 PSYoungGen      total 75776K, used 0K [0x00000000e0000000, 0x00000000e9400000, 0x0000000100000000)
  eden space 65024K, 0% used [0x00000000e0000000,0x00000000e0000000,0x00000000e3f80000)
  from space 10752K, 0% used [0x00000000e3f80000,0x00000000e3f80000,0x00000000e4a00000)
  to   space 10752K, 0% used [0x00000000e8980000,0x00000000e8980000,0x00000000e9400000)
 ParOldGen       total 101376K, used 8607K [0x00000000a0000000, 0x00000000a6300000, 0x00000000e0000000)
  object space 101376K, 8% used [0x00000000a0000000,0x00000000a0867d20,0x00000000a6300000)
 Metaspace       used 20850K, capacity 21206K, committed 21248K, reserved 1067008K
  class space    used 2911K, capacity 3039K, committed 3072K, reserved 1048576K
}
Event: 3.980 GC heap before
{Heap before GC invocations=5 (full 1):
 PSYoungGen      total 75776K, used 65024K [0x00000000e0000000, 0x00000000e9400000, 0x0000000100000000)
  eden space 65024K, 100% used [0x00000000e0000000,0x00000000e3f80000,0x00000000e3f80000)
  from space 10752K, 0% used [0x00000000e3f80000,0x00000000e3f80000,0x00000000e4a00000)
  to   space 10752K, 0% used [0x00000000e8980000,0x00000000e8980000,0x00000000e9400000)
 ParOldGen       total 101376K, used 8607K [0x00000000a0000000, 0x00000000a6300000, 0x00000000e0000000)
  object space 101376K, 8% used [0x00000000a0000000,0x00000000a0867d20,0x00000000a6300000)
 Metaspace       used 26541K, capacity 27062K, committed 27136K, reserved 1073152K
  class space    used 3663K, capacity 3830K, committed 3840K, reserved 1048576K
Event: 3.987 GC heap after
Heap after GC invocations=5 (full 1):
 PSYoungGen      total 108544K, used 7077K [0x00000000e0000000, 0x00000000e9080000, 0x0000000100000000)
  eden space 101376K, 0% used [0x00000000e0000000,0x00000000e0000000,0x00000000e6300000)
  from space 7168K, 98% used [0x00000000e8980000,0x00000000e9069550,0x00000000e9080000)
  to   space 10752K, 0% used [0x00000000e7b80000,0x00000000e7b80000,0x00000000e8600000)
 ParOldGen       total 101376K, used 8615K [0x00000000a0000000, 0x00000000a6300000, 0x00000000e0000000)
  object space 101376K, 8% used [0x00000000a0000000,0x00000000a0869d20,0x00000000a6300000)
 Metaspace       used 26541K, capacity 27062K, committed 27136K, reserved 1073152K
  class space    used 3663K, capacity 3830K, committed 3840K, reserved 1048576K
}
Event: 5.362 GC heap before
{Heap before GC invocations=6 (full 1):
 PSYoungGen      total 108544K, used 102315K [0x00000000e0000000, 0x00000000e9080000, 0x0000000100000000)
  eden space 101376K, 93% used [0x00000000e0000000,0x00000000e5d01760,0x00000000e6300000)
  from space 7168K, 98% used [0x00000000e8980000,0x00000000e9069550,0x00000000e9080000)
  to   space 10752K, 0% used [0x00000000e7b80000,0x00000000e7b80000,0x00000000e8600000)
 ParOldGen       total 101376K, used 8615K [0x00000000a0000000, 0x00000000a6300000, 0x00000000e0000000)
  object space 101376K, 8% used [0x00000000a0000000,0x00000000a0869d20,0x00000000a6300000)
 Metaspace       used 34755K, capacity 35358K, committed 35416K, reserved 1079296K
  class space    used 4806K, capacity 4979K, committed 4992K, reserved 1048576K
Event: 5.372 GC heap after
Heap after GC invocations=6 (full 1):
 PSYoungGen      total 137216K, used 10722K [0x00000000e0000000, 0x00000000eb300000, 0x0000000100000000)
  eden space 126464K, 0% used [0x00000000e0000000,0x00000000e0000000,0x00000000e7b80000)
  from space 10752K, 99% used [0x00000000e7b80000,0x00000000e85f8830,0x00000000e8600000)
  to   space 13824K, 0% used [0x00000000ea580000,0x00000000ea580000,0x00000000eb300000)
 ParOldGen       total 101376K, used 11191K [0x00000000a0000000, 0x00000000a6300000, 0x00000000e0000000)
  object space 101376K, 11% used [0x00000000a0000000,0x00000000a0aedec8,0x00000000a6300000)
 Metaspace       used 34755K, capacity 35358K, committed 35416K, reserved 1079296K
  class space    used 4806K, capacity 4979K, committed 4992K, reserved 1048576K
}
Event: 5.372 GC heap before
{Heap before GC invocations=7 (full 2):
 PSYoungGen      total 137216K, used 10722K [0x00000000e0000000, 0x00000000eb300000, 0x0000000100000000)
  eden space 126464K, 0% used [0x00000000e0000000,0x00000000e0000000,0x00000000e7b80000)
  from space 10752K, 99% used [0x00000000e7b80000,0x00000000e85f8830,0x00000000e8600000)
  to   space 13824K, 0% used [0x00000000ea580000,0x00000000ea580000,0x00000000eb300000)
 ParOldGen       total 101376K, used 11191K [0x00000000a0000000, 0x00000000a6300000, 0x00000000e0000000)
  object space 101376K, 11% used [0x00000000a0000000,0x00000000a0aedec8,0x00000000a6300000)
 Metaspace       used 34755K, capacity 35358K, committed 35416K, reserved 1079296K
  class space    used 4806K, capacity 4979K, committed 4992K, reserved 1048576K
Event: 5.409 GC heap after
Heap after GC invocations=7 (full 2):
 PSYoungGen      total 137216K, used 0K [0x00000000e0000000, 0x00000000eb300000, 0x0000000100000000)
  eden space 126464K, 0% used [0x00000000e0000000,0x00000000e0000000,0x00000000e7b80000)
  from space 10752K, 0% used [0x00000000e7b80000,0x00000000e7b80000,0x00000000e8600000)
  to   space 13824K, 0% used [0x00000000ea580000,0x00000000ea580000,0x00000000eb300000)
 ParOldGen       total 165888K, used 19696K [0x00000000a0000000, 0x00000000aa200000, 0x00000000e0000000)
  object space 165888K, 11% used [0x00000000a0000000,0x00000000a133c1d0,0x00000000aa200000)
 Metaspace       used 34755K, capacity 35358K, committed 35416K, reserved 1079296K
  class space    used 4806K, capacity 4979K, committed 4992K, reserved 1048576K
}

