# JRE version: OpenJDK Runtime Environment (8.0_152-b01) (build 1.8.0_152-release-1343-b01)
# Java VM: OpenJDK 64-Bit Server VM (25.152-b01 mixed mode windows-amd64 compressed oops)
Heap:
 PSYoungGen      total 158208K, used 94881K [0x00000000e0000000, 0x00000000edf80000, 0x0000000100000000)
  eden space 143360K, 55% used [0x00000000e0000000,0x00000000e4e2ccc8,0x00000000e8c00000)
  from space 14848K, 99% used [0x00000000e8c00000,0x00000000e9a7b738,0x00000000e9a80000)
  to   space 16896K, 0% used [0x00000000ecf00000,0x00000000ecf00000,0x00000000edf80000)
 ParOldGen       total 104960K, used 19921K [0x00000000a0000000, 0x00000000a6680000, 0x00000000e0000000)
  object space 104960K, 18% used [0x00000000a0000000,0x00000000a1374728,0x00000000a6680000)
 Metaspace       used 51889K, capacity 53030K, committed 53208K, reserved 1095680K
  class space    used 6952K, capacity 7299K, committed 7424K, reserved 1048576K
GC Heap History (10 events):
Event: 2.740 GC heap before
{Heap before GC invocations=5 (full 1):
 PSYoungGen      total 75776K, used 65024K [0x00000000e0000000, 0x00000000e9400000, 0x0000000100000000)
  eden space 65024K, 100% used [0x00000000e0000000,0x00000000e3f80000,0x00000000e3f80000)
  from space 10752K, 0% used [0x00000000e3f80000,0x00000000e3f80000,0x00000000e4a00000)
  to   space 10752K, 0% used [0x00000000e8980000,0x00000000e8980000,0x00000000e9400000)
 ParOldGen       total 104960K, used 8621K [0x00000000a0000000, 0x00000000a6680000, 0x00000000e0000000)
  object space 104960K, 8% used [0x00000000a0000000,0x00000000a086b640,0x00000000a6680000)
 Metaspace       used 26550K, capacity 26998K, committed 27136K, reserved 1073152K
  class space    used 3661K, capacity 3830K, committed 3840K, reserved 1048576K
Event: 2.747 GC heap after
Heap after GC invocations=5 (full 1):
 PSYoungGen      total 104960K, used 7113K [0x00000000e0000000, 0x00000000e9080000, 0x0000000100000000)
  eden space 97792K, 0% used [0x00000000e0000000,0x00000000e0000000,0x00000000e5f80000)
  from space 7168K, 99% used [0x00000000e8980000,0x00000000e90725c0,0x00000000e9080000)
  to   space 10752K, 0% used [0x00000000e7b80000,0x00000000e7b80000,0x00000000e8600000)
 ParOldGen       total 104960K, used 8629K [0x00000000a0000000, 0x00000000a6680000, 0x00000000e0000000)
  object space 104960K, 8% used [0x00000000a0000000,0x00000000a086d640,0x00000000a6680000)
 Metaspace       used 26550K, capacity 26998K, committed 27136K, reserved 1073152K
  class space    used 3661K, capacity 3830K, committed 3840K, reserved 1048576K
}
Event: 3.704 GC heap before
{Heap before GC invocations=6 (full 1):
 PSYoungGen      total 104960K, used 102539K [0x00000000e0000000, 0x00000000e9080000, 0x0000000100000000)
  eden space 97792K, 97% used [0x00000000e0000000,0x00000000e5d308f8,0x00000000e5f80000)
  from space 7168K, 99% used [0x00000000e8980000,0x00000000e90725c0,0x00000000e9080000)
  to   space 10752K, 0% used [0x00000000e7b80000,0x00000000e7b80000,0x00000000e8600000)
 ParOldGen       total 104960K, used 8629K [0x00000000a0000000, 0x00000000a6680000, 0x00000000e0000000)
  object space 104960K, 8% used [0x00000000a0000000,0x00000000a086d640,0x00000000a6680000)
 Metaspace       used 34774K, capacity 35358K, committed 35416K, reserved 1079296K
  class space    used 4803K, capacity 4979K, committed 4992K, reserved 1048576K
Event: 3.714 GC heap after
Heap after GC invocations=6 (full 1):
 PSYoungGen      total 137216K, used 10739K [0x00000000e0000000, 0x00000000ea800000, 0x0000000100000000)
  eden space 126464K, 0% used [0x00000000e0000000,0x00000000e0000000,0x00000000e7b80000)
  from space 10752K, 99% used [0x00000000e7b80000,0x00000000e85fcd88,0x00000000e8600000)
  to   space 13824K, 0% used [0x00000000e9a80000,0x00000000e9a80000,0x00000000ea800000)
 ParOldGen       total 104960K, used 11165K [0x00000000a0000000, 0x00000000a6680000, 0x00000000e0000000)
  object space 104960K, 10% used [0x00000000a0000000,0x00000000a0ae77c0,0x00000000a6680000)
 Metaspace       used 34774K, capacity 35358K, committed 35416K, reserved 1079296K
  class space    used 4803K, capacity 4979K, committed 4992K, reserved 1048576K
}
Event: 3.714 GC heap before
{Heap before GC invocations=7 (full 2):
 PSYoungGen      total 137216K, used 10739K [0x00000000e0000000, 0x00000000ea800000, 0x0000000100000000)
  eden space 126464K, 0% used [0x00000000e0000000,0x00000000e0000000,0x00000000e7b80000)
  from space 10752K, 99% used [0x00000000e7b80000,0x00000000e85fcd88,0x00000000e8600000)
  to   space 13824K, 0% used [0x00000000e9a80000,0x00000000e9a80000,0x00000000ea800000)
 ParOldGen       total 104960K, used 11165K [0x00000000a0000000, 0x00000000a6680000, 0x00000000e0000000)
  object space 104960K, 10% used [0x00000000a0000000,0x00000000a0ae77c0,0x00000000a6680000)
 Metaspace       used 34774K, capacity 35358K, committed 35416K, reserved 1079296K
  class space    used 4803K, capacity 4979K, committed 4992K, reserved 1048576K
Event: 3.758 GC heap after
Heap after GC invocations=7 (full 2):
 PSYoungGen      total 137216K, used 0K [0x00000000e0000000, 0x00000000ea800000, 0x0000000100000000)
  eden space 126464K, 0% used [0x00000000e0000000,0x00000000e0000000,0x00000000e7b80000)
  from space 10752K, 0% used [0x00000000e7b80000,0x00000000e7b80000,0x00000000e8600000)
  to   space 13824K, 0% used [0x00000000e9a80000,0x00000000e9a80000,0x00000000ea800000)
 ParOldGen       total 104960K, used 19681K [0x00000000a0000000, 0x00000000a6680000, 0x00000000e0000000)
  object space 104960K, 18% used [0x00000000a0000000,0x00000000a13386d0,0x00000000a6680000)
 Metaspace       used 34774K, capacity 35358K, committed 35416K, reserved 1079296K
  class space    used 4803K, capacity 4979K, committed 4992K, reserved 1048576K
}
Event: 5.318 GC heap before
{Heap before GC invocations=8 (full 2):
 PSYoungGen      total 137216K, used 126464K [0x00000000e0000000, 0x00000000ea800000, 0x0000000100000000)
  eden space 126464K, 100% used [0x00000000e0000000,0x00000000e7b80000,0x00000000e7b80000)
  from space 10752K, 0% used [0x00000000e7b80000,0x00000000e7b80000,0x00000000e8600000)
  to   space 13824K, 0% used [0x00000000e9a80000,0x00000000e9a80000,0x00000000ea800000)
 ParOldGen       total 104960K, used 19681K [0x00000000a0000000, 0x00000000a6680000, 0x00000000e0000000)
  object space 104960K, 18% used [0x00000000a0000000,0x00000000a13386d0,0x00000000a6680000)
 Metaspace       used 42037K, capacity 42856K, committed 42968K, reserved 1085440K
  class space    used 5799K, capacity 6060K, committed 6144K, reserved 1048576K
Event: 5.329 GC heap after
Heap after GC invocations=8 (full 2):
 PSYoungGen      total 157184K, used 12566K [0x00000000e0000000, 0x00000000ec600000, 0x0000000100000000)
  eden space 143360K, 0% used [0x00000000e0000000,0x00000000e0000000,0x00000000e8c00000)
  from space 13824K, 90% used [0x00000000e9a80000,0x00000000ea6c5bb0,0x00000000ea800000)
  to   space 14848K, 0% used [0x00000000e8c00000,0x00000000e8c00000,0x00000000e9a80000)
 ParOldGen       total 104960K, used 19689K [0x00000000a0000000, 0x00000000a6680000, 0x00000000e0000000)
  object space 104960K, 18% used [0x00000000a0000000,0x00000000a133a6d0,0x00000000a6680000)
 Metaspace       used 42037K, capacity 42856K, committed 42968K, reserved 1085440K
  class space    used 5799K, capacity 6060K, committed 6144K, reserved 1048576K
}
Event: 6.166 GC heap before
{Heap before GC invocations=9 (full 2):
 PSYoungGen      total 157184K, used 155926K [0x00000000e0000000, 0x00000000ec600000, 0x0000000100000000)
  eden space 143360K, 100% used [0x00000000e0000000,0x00000000e8c00000,0x00000000e8c00000)
  from space 13824K, 90% used [0x00000000e9a80000,0x00000000ea6c5bb0,0x00000000ea800000)
  to   space 14848K, 0% used [0x00000000e8c00000,0x00000000e8c00000,0x00000000e9a80000)
 ParOldGen       total 104960K, used 19689K [0x00000000a0000000, 0x00000000a6680000, 0x00000000e0000000)
  object space 104960K, 18% used [0x00000000a0000000,0x00000000a133a6d0,0x00000000a6680000)
 Metaspace       used 45976K, capacity 46910K, committed 47192K, reserved 1089536K
  class space    used 6203K, capacity 6491K, committed 6528K, reserved 1048576K
Event: 6.175 GC heap after
Heap after GC invocations=9 (full 2):
 PSYoungGen      total 158208K, used 14829K [0x00000000e0000000, 0x00000000edf80000, 0x0000000100000000)
  eden space 143360K, 0% used [0x00000000e0000000,0x00000000e0000000,0x00000000e8c00000)
  from space 14848K, 99% used [0x00000000e8c00000,0x00000000e9a7b738,0x00000000e9a80000)
  to   space 16896K, 0% used [0x00000000ecf00000,0x00000000ecf00000,0x00000000edf80000)
 ParOldGen       total 104960K, used 19921K [0x00000000a0000000, 0x00000000a6680000, 0x00000000e0000000)
  object space 104960K, 18% used [0x00000000a0000000,0x00000000a1374728,0x00000000a6680000)
 Metaspace       used 45976K, capacity 46910K, committed 47192K, reserved 1089536K
  class space    used 6203K, capacity 6491K, committed 6528K, reserved 1048576K
}

