# JRE version: OpenJDK Runtime Environment (8.0_152-b01) (build 1.8.0_152-release-1343-b01)
# Java VM: OpenJDK 64-Bit Server VM (25.152-b01 mixed mode windows-amd64 compressed oops)
Heap:
 PSYoungGen      total 137216K, used 42510K [0x00000000e0000000, 0x00000000eac00000, 0x0000000100000000)
  eden space 126464K, 33% used [0x00000000e0000000,0x00000000e2983ae8,0x00000000e7b80000)
  from space 10752K, 0% used [0x00000000e7b80000,0x00000000e7b80000,0x00000000e8600000)
  to   space 13824K, 0% used [0x00000000e9e80000,0x00000000e9e80000,0x00000000eac00000)
 ParOldGen       total 102912K, used 19715K [0x00000000a0000000, 0x00000000a6480000, 0x00000000e0000000)
  object space 102912K, 19% used [0x00000000a0000000,0x00000000a1340e28,0x00000000a6480000)
 Metaspace       used 35946K, capacity 36590K, committed 36952K, reserved 1081344K
  class space    used 4960K, capacity 5177K, committed 5248K, reserved 1048576K
GC Heap History (10 events):
Event: 1.904 GC heap before
{Heap before GC invocations=3 (full 0):
 PSYoungGen      total 75776K, used 32079K [0x00000000e0000000, 0x00000000e9400000, 0x0000000100000000)
  eden space 65024K, 33% used [0x00000000e0000000,0x00000000e1504720,0x00000000e3f80000)
  from space 10752K, 98% used [0x00000000e4a00000,0x00000000e544f8c0,0x00000000e5480000)
  to   space 10752K, 0% used [0x00000000e3f80000,0x00000000e3f80000,0x00000000e4a00000)
 ParOldGen       total 173568K, used 24K [0x00000000a0000000, 0x00000000aa980000, 0x00000000e0000000)
  object space 173568K, 0% used [0x00000000a0000000,0x00000000a0006000,0x00000000aa980000)
 Metaspace       used 20886K, capacity 21238K, committed 21248K, reserved 1067008K
  class space    used 2917K, capacity 3071K, committed 3072K, reserved 1048576K
Event: 1.915 GC heap after
Heap after GC invocations=3 (full 0):
 PSYoungGen      total 75776K, used 8806K [0x00000000e0000000, 0x00000000e9400000, 0x0000000100000000)
  eden space 65024K, 0% used [0x00000000e0000000,0x00000000e0000000,0x00000000e3f80000)
  from space 10752K, 81% used [0x00000000e3f80000,0x00000000e4819bc0,0x00000000e4a00000)
  to   space 10752K, 0% used [0x00000000e8980000,0x00000000e8980000,0x00000000e9400000)
 ParOldGen       total 173568K, used 32K [0x00000000a0000000, 0x00000000aa980000, 0x00000000e0000000)
  object space 173568K, 0% used [0x00000000a0000000,0x00000000a0008000,0x00000000aa980000)
 Metaspace       used 20886K, capacity 21238K, committed 21248K, reserved 1067008K
  class space    used 2917K, capacity 3071K, committed 3072K, reserved 1048576K
}
Event: 1.915 GC heap before
{Heap before GC invocations=4 (full 1):
 PSYoungGen      total 75776K, used 8806K [0x00000000e0000000, 0x00000000e9400000, 0x0000000100000000)
  eden space 65024K, 0% used [0x00000000e0000000,0x00000000e0000000,0x00000000e3f80000)
  from space 10752K, 81% used [0x00000000e3f80000,0x00000000e4819bc0,0x00000000e4a00000)
  to   space 10752K, 0% used [0x00000000e8980000,0x00000000e8980000,0x00000000e9400000)
 ParOldGen       total 173568K, used 32K [0x00000000a0000000, 0x00000000aa980000, 0x00000000e0000000)
  object space 173568K, 0% used [0x00000000a0000000,0x00000000a0008000,0x00000000aa980000)
 Metaspace       used 20886K, capacity 21238K, committed 21248K, reserved 1067008K
  class space    used 2917K, capacity 3071K, committed 3072K, reserved 1048576K
Event: 1.950 GC heap after
Heap after GC invocations=4 (full 1):
 PSYoungGen      total 75776K, used 0K [0x00000000e0000000, 0x00000000e9400000, 0x0000000100000000)
  eden space 65024K, 0% used [0x00000000e0000000,0x00000000e0000000,0x00000000e3f80000)
  from space 10752K, 0% used [0x00000000e3f80000,0x00000000e3f80000,0x00000000e4a00000)
  to   space 10752K, 0% used [0x00000000e8980000,0x00000000e8980000,0x00000000e9400000)
 ParOldGen       total 102912K, used 8609K [0x00000000a0000000, 0x00000000a6480000, 0x00000000e0000000)
  object space 102912K, 8% used [0x00000000a0000000,0x00000000a0868420,0x00000000a6480000)
 Metaspace       used 20886K, capacity 21238K, committed 21248K, reserved 1067008K
  class space    used 2917K, capacity 3071K, committed 3072K, reserved 1048576K
}
Event: 2.596 GC heap before
{Heap before GC invocations=5 (full 1):
 PSYoungGen      total 75776K, used 65024K [0x00000000e0000000, 0x00000000e9400000, 0x0000000100000000)
  eden space 65024K, 100% used [0x00000000e0000000,0x00000000e3f80000,0x00000000e3f80000)
  from space 10752K, 0% used [0x00000000e3f80000,0x00000000e3f80000,0x00000000e4a00000)
  to   space 10752K, 0% used [0x00000000e8980000,0x00000000e8980000,0x00000000e9400000)
 ParOldGen       total 102912K, used 8609K [0x00000000a0000000, 0x00000000a6480000, 0x00000000e0000000)
  object space 102912K, 8% used [0x00000000a0000000,0x00000000a0868420,0x00000000a6480000)
 Metaspace       used 26509K, capacity 26998K, committed 27136K, reserved 1073152K
  class space    used 3660K, capacity 3830K, committed 3840K, reserved 1048576K
Event: 2.605 GC heap after
Heap after GC invocations=5 (full 1):
 PSYoungGen      total 107008K, used 7072K [0x00000000e0000000, 0x00000000e9080000, 0x0000000100000000)
  eden space 99840K, 0% used [0x00000000e0000000,0x00000000e0000000,0x00000000e6180000)
  from space 7168K, 98% used [0x00000000e8980000,0x00000000e9068248,0x00000000e9080000)
  to   space 10752K, 0% used [0x00000000e7b80000,0x00000000e7b80000,0x00000000e8600000)
 ParOldGen       total 102912K, used 8617K [0x00000000a0000000, 0x00000000a6480000, 0x00000000e0000000)
  object space 102912K, 8% used [0x00000000a0000000,0x00000000a086a420,0x00000000a6480000)
 Metaspace       used 26509K, capacity 26998K, committed 27136K, reserved 1073152K
  class space    used 3660K, capacity 3830K, committed 3840K, reserved 1048576K
}
Event: 4.112 GC heap before
{Heap before GC invocations=6 (full 1):
 PSYoungGen      total 107008K, used 102761K [0x00000000e0000000, 0x00000000e9080000, 0x0000000100000000)
  eden space 99840K, 95% used [0x00000000e0000000,0x00000000e5d721c8,0x00000000e6180000)
  from space 7168K, 98% used [0x00000000e8980000,0x00000000e9068248,0x00000000e9080000)
  to   space 10752K, 0% used [0x00000000e7b80000,0x00000000e7b80000,0x00000000e8600000)
 ParOldGen       total 102912K, used 8617K [0x00000000a0000000, 0x00000000a6480000, 0x00000000e0000000)
  object space 102912K, 8% used [0x00000000a0000000,0x00000000a086a420,0x00000000a6480000)
 Metaspace       used 34754K, capacity 35358K, committed 35416K, reserved 1079296K
  class space    used 4807K, capacity 4979K, committed 4992K, reserved 1048576K
Event: 4.123 GC heap after
Heap after GC invocations=6 (full 1):
 PSYoungGen      total 137216K, used 10733K [0x00000000e0000000, 0x00000000eac00000, 0x0000000100000000)
  eden space 126464K, 0% used [0x00000000e0000000,0x00000000e0000000,0x00000000e7b80000)
  from space 10752K, 99% used [0x00000000e7b80000,0x00000000e85fb740,0x00000000e8600000)
  to   space 13824K, 0% used [0x00000000e9e80000,0x00000000e9e80000,0x00000000eac00000)
 ParOldGen       total 102912K, used 11112K [0x00000000a0000000, 0x00000000a6480000, 0x00000000e0000000)
  object space 102912K, 10% used [0x00000000a0000000,0x00000000a0ada020,0x00000000a6480000)
 Metaspace       used 34754K, capacity 35358K, committed 35416K, reserved 1079296K
  class space    used 4807K, capacity 4979K, committed 4992K, reserved 1048576K
}
Event: 4.123 GC heap before
{Heap before GC invocations=7 (full 2):
 PSYoungGen      total 137216K, used 10733K [0x00000000e0000000, 0x00000000eac00000, 0x0000000100000000)
  eden space 126464K, 0% used [0x00000000e0000000,0x00000000e0000000,0x00000000e7b80000)
  from space 10752K, 99% used [0x00000000e7b80000,0x00000000e85fb740,0x00000000e8600000)
  to   space 13824K, 0% used [0x00000000e9e80000,0x00000000e9e80000,0x00000000eac00000)
 ParOldGen       total 102912K, used 11112K [0x00000000a0000000, 0x00000000a6480000, 0x00000000e0000000)
  object space 102912K, 10% used [0x00000000a0000000,0x00000000a0ada020,0x00000000a6480000)
 Metaspace       used 34754K, capacity 35358K, committed 35416K, reserved 1079296K
  class space    used 4807K, capacity 4979K, committed 4992K, reserved 1048576K
Event: 4.160 GC heap after
Heap after GC invocations=7 (full 2):
 PSYoungGen      total 137216K, used 0K [0x00000000e0000000, 0x00000000eac00000, 0x0000000100000000)
  eden space 126464K, 0% used [0x00000000e0000000,0x00000000e0000000,0x00000000e7b80000)
  from space 10752K, 0% used [0x00000000e7b80000,0x00000000e7b80000,0x00000000e8600000)
  to   space 13824K, 0% used [0x00000000e9e80000,0x00000000e9e80000,0x00000000eac00000)
 ParOldGen       total 102912K, used 19715K [0x00000000a0000000, 0x00000000a6480000, 0x00000000e0000000)
  object space 102912K, 19% used [0x00000000a0000000,0x00000000a1340e28,0x00000000a6480000)
 Metaspace       used 34754K, capacity 35358K, committed 35416K, reserved 1079296K
  class space    used 4807K, capacity 4979K, committed 4992K, reserved 1048576K
}

