# JRE version: OpenJDK Runtime Environment (8.0_152-b01) (build 1.8.0_152-release-1343-b01)
# Java VM: OpenJDK 64-Bit Server VM (25.152-b01 mixed mode windows-amd64 compressed oops)
Heap:
 PSYoungGen      total 75776K, used 34502K [0x00000000e0000000, 0x00000000e6880000, 0x0000000100000000)
  eden space 65024K, 42% used [0x00000000e0000000,0x00000000e1b4d068,0x00000000e3f80000)
  from space 10752K, 60% used [0x00000000e4a00000,0x00000000e5064870,0x00000000e5480000)
  to   space 10752K, 0% used [0x00000000e3f80000,0x00000000e3f80000,0x00000000e4a00000)
 ParOldGen       total 115200K, used 3351K [0x00000000a0000000, 0x00000000a7080000, 0x00000000e0000000)
  object space 115200K, 2% used [0x00000000a0000000,0x00000000a0345d90,0x00000000a7080000)
 Metaspace       used 15576K, capacity 15990K, committed 16256K, reserved 1064960K
  class space    used 2205K, capacity 2379K, committed 2432K, reserved 1048576K
GC Heap History (6 events):
Event: 0.391 GC heap before
{Heap before GC invocations=1 (full 0):
 PSYoungGen      total 75776K, used 22130K [0x00000000e0000000, 0x00000000e5480000, 0x0000000100000000)
  eden space 65024K, 34% used [0x00000000e0000000,0x00000000e159cbf8,0x00000000e3f80000)
  from space 10752K, 0% used [0x00000000e4a00000,0x00000000e4a00000,0x00000000e5480000)
  to   space 10752K, 0% used [0x00000000e3f80000,0x00000000e3f80000,0x00000000e4a00000)
 ParOldGen       total 173568K, used 0K [0x00000000a0000000, 0x00000000aa980000, 0x00000000e0000000)
  object space 173568K, 0% used [0x00000000a0000000,0x00000000a0000000,0x00000000aa980000)
 Metaspace       used 6259K, capacity 6414K, committed 6528K, reserved 1060864K
  class space    used 764K, capacity 843K, committed 896K, reserved 1048576K
Event: 0.394 GC heap after
Heap after GC invocations=1 (full 0):
 PSYoungGen      total 75776K, used 3546K [0x00000000e0000000, 0x00000000e5480000, 0x0000000100000000)
  eden space 65024K, 0% used [0x00000000e0000000,0x00000000e0000000,0x00000000e3f80000)
  from space 10752K, 32% used [0x00000000e3f80000,0x00000000e42f6888,0x00000000e4a00000)
  to   space 10752K, 0% used [0x00000000e4a00000,0x00000000e4a00000,0x00000000e5480000)
 ParOldGen       total 173568K, used 8K [0x00000000a0000000, 0x00000000aa980000, 0x00000000e0000000)
  object space 173568K, 0% used [0x00000000a0000000,0x00000000a0002000,0x00000000aa980000)
 Metaspace       used 6259K, capacity 6414K, committed 6528K, reserved 1060864K
  class space    used 764K, capacity 843K, committed 896K, reserved 1048576K
}
Event: 0.394 GC heap before
{Heap before GC invocations=2 (full 1):
 PSYoungGen      total 75776K, used 3546K [0x00000000e0000000, 0x00000000e5480000, 0x0000000100000000)
  eden space 65024K, 0% used [0x00000000e0000000,0x00000000e0000000,0x00000000e3f80000)
  from space 10752K, 32% used [0x00000000e3f80000,0x00000000e42f6888,0x00000000e4a00000)
  to   space 10752K, 0% used [0x00000000e4a00000,0x00000000e4a00000,0x00000000e5480000)
 ParOldGen       total 173568K, used 8K [0x00000000a0000000, 0x00000000aa980000, 0x00000000e0000000)
  object space 173568K, 0% used [0x00000000a0000000,0x00000000a0002000,0x00000000aa980000)
 Metaspace       used 6259K, capacity 6414K, committed 6528K, reserved 1060864K
  class space    used 764K, capacity 843K, committed 896K, reserved 1048576K
Event: 0.400 GC heap after
Heap after GC invocations=2 (full 1):
 PSYoungGen      total 75776K, used 0K [0x00000000e0000000, 0x00000000e5480000, 0x0000000100000000)
  eden space 65024K, 0% used [0x00000000e0000000,0x00000000e0000000,0x00000000e3f80000)
  from space 10752K, 0% used [0x00000000e3f80000,0x00000000e3f80000,0x00000000e4a00000)
  to   space 10752K, 0% used [0x00000000e4a00000,0x00000000e4a00000,0x00000000e5480000)
 ParOldGen       total 115200K, used 3343K [0x00000000a0000000, 0x00000000a7080000, 0x00000000e0000000)
  object space 115200K, 2% used [0x00000000a0000000,0x00000000a0343d90,0x00000000a7080000)
 Metaspace       used 6259K, capacity 6414K, committed 6528K, reserved 1058816K
  class space    used 764K, capacity 843K, committed 896K, reserved 1048576K
}
Event: 1.254 GC heap before
{Heap before GC invocations=3 (full 1):
 PSYoungGen      total 75776K, used 65024K [0x00000000e0000000, 0x00000000e5480000, 0x0000000100000000)
  eden space 65024K, 100% used [0x00000000e0000000,0x00000000e3f80000,0x00000000e3f80000)
  from space 10752K, 0% used [0x00000000e3f80000,0x00000000e3f80000,0x00000000e4a00000)
  to   space 10752K, 0% used [0x00000000e4a00000,0x00000000e4a00000,0x00000000e5480000)
 ParOldGen       total 115200K, used 3343K [0x00000000a0000000, 0x00000000a7080000, 0x00000000e0000000)
  object space 115200K, 2% used [0x00000000a0000000,0x00000000a0343d90,0x00000000a7080000)
 Metaspace       used 12976K, capacity 13298K, committed 13568K, reserved 1062912K
  class space    used 1775K, capacity 1929K, committed 2048K, reserved 1048576K
Event: 1.261 GC heap after
Heap after GC invocations=3 (full 1):
 PSYoungGen      total 75776K, used 6546K [0x00000000e0000000, 0x00000000e6880000, 0x0000000100000000)
  eden space 65024K, 0% used [0x00000000e0000000,0x00000000e0000000,0x00000000e3f80000)
  from space 10752K, 60% used [0x00000000e4a00000,0x00000000e5064870,0x00000000e5480000)
  to   space 10752K, 0% used [0x00000000e3f80000,0x00000000e3f80000,0x00000000e4a00000)
 ParOldGen       total 115200K, used 3351K [0x00000000a0000000, 0x00000000a7080000, 0x00000000e0000000)
  object space 115200K, 2% used [0x00000000a0000000,0x00000000a0345d90,0x00000000a7080000)
 Metaspace       used 12976K, capacity 13298K, committed 13568K, reserved 1062912K
  class space    used 1775K, capacity 1929K, committed 2048K, reserved 1048576K
}

