# JRE version: OpenJDK Runtime Environment (8.0_202-b03) (build 1.8.0_202-release-1483-b03)
# Java VM: OpenJDK 64-Bit Server VM (25.202-b03 mixed mode windows-amd64 compressed oops)
Heap:
 PSYoungGen      total 18944K, used 14874K [0x00000000e0000000, 0x00000000e1a00000, 0x0000000100000000)
  eden space 16384K, 90% used [0x00000000e0000000,0x00000000e0e86978,0x00000000e1000000)
  from space 2560K, 0% used [0x00000000e1000000,0x00000000e1000000,0x00000000e1280000)
  to   space 5120K, 0% used [0x00000000e1500000,0x00000000e1500000,0x00000000e1a00000)
 ParOldGen       total 27648K, used 4685K [0x00000000a0000000, 0x00000000a1b00000, 0x00000000e0000000)
  object space 27648K, 16% used [0x00000000a0000000,0x00000000a04934a8,0x00000000a1b00000)
 Metaspace       used 14637K, capacity 14984K, committed 15360K, reserved 1064960K
  class space    used 2074K, capacity 2190K, committed 2304K, reserved 1048576K
GC Heap History (10 events):
Event: 4.208 GC heap before
{Heap before GC invocations=4 (full 0):
 PSYoungGen      total 18944K, used 18924K [0x00000000e0000000, 0x00000000e1500000, 0x0000000100000000)
  eden space 16384K, 100% used [0x00000000e0000000,0x00000000e1000000,0x00000000e1000000)
  from space 2560K, 99% used [0x00000000e1000000,0x00000000e127b240,0x00000000e1280000)
  to   space 2560K, 0% used [0x00000000e1280000,0x00000000e1280000,0x00000000e1500000)
 ParOldGen       total 44032K, used 635K [0x00000000a0000000, 0x00000000a2b00000, 0x00000000e0000000)
  object space 44032K, 1% used [0x00000000a0000000,0x00000000a009ee78,0x00000000a2b00000)
 Metaspace       used 9016K, capacity 9326K, committed 9472K, reserved 1056768K
  class space    used 1176K, capacity 1261K, committed 1280K, reserved 1048576K
Event: 4.218 GC heap after
Heap after GC invocations=4 (full 0):
 PSYoungGen      total 18944K, used 2560K [0x00000000e0000000, 0x00000000e1500000, 0x0000000100000000)
  eden space 16384K, 0% used [0x00000000e0000000,0x00000000e0000000,0x00000000e1000000)
  from space 2560K, 100% used [0x00000000e1280000,0x00000000e1500000,0x00000000e1500000)
  to   space 2560K, 0% used [0x00000000e1000000,0x00000000e1000000,0x00000000e1280000)
 ParOldGen       total 44032K, used 2035K [0x00000000a0000000, 0x00000000a2b00000, 0x00000000e0000000)
  object space 44032K, 4% used [0x00000000a0000000,0x00000000a01fcc20,0x00000000a2b00000)
 Metaspace       used 9016K, capacity 9326K, committed 9472K, reserved 1056768K
  class space    used 1176K, capacity 1261K, committed 1280K, reserved 1048576K
}
Event: 5.937 GC heap before
{Heap before GC invocations=5 (full 0):
 PSYoungGen      total 18944K, used 18944K [0x00000000e0000000, 0x00000000e1500000, 0x0000000100000000)
  eden space 16384K, 100% used [0x00000000e0000000,0x00000000e1000000,0x00000000e1000000)
  from space 2560K, 100% used [0x00000000e1280000,0x00000000e1500000,0x00000000e1500000)
  to   space 2560K, 0% used [0x00000000e1000000,0x00000000e1000000,0x00000000e1280000)
 ParOldGen       total 44032K, used 2035K [0x00000000a0000000, 0x00000000a2b00000, 0x00000000e0000000)
  object space 44032K, 4% used [0x00000000a0000000,0x00000000a01fcc20,0x00000000a2b00000)
 Metaspace       used 12319K, capacity 12702K, committed 12800K, reserved 1060864K
  class space    used 1666K, capacity 1769K, committed 1792K, reserved 1048576K
Event: 5.951 GC heap after
Heap after GC invocations=5 (full 0):
 PSYoungGen      total 18944K, used 2528K [0x00000000e0000000, 0x00000000e1a00000, 0x0000000100000000)
  eden space 16384K, 0% used [0x00000000e0000000,0x00000000e0000000,0x00000000e1000000)
  from space 2560K, 98% used [0x00000000e1000000,0x00000000e1278020,0x00000000e1280000)
  to   space 5120K, 0% used [0x00000000e1500000,0x00000000e1500000,0x00000000e1a00000)
 ParOldGen       total 44032K, used 4495K [0x00000000a0000000, 0x00000000a2b00000, 0x00000000e0000000)
  object space 44032K, 10% used [0x00000000a0000000,0x00000000a0463e00,0x00000000a2b00000)
 Metaspace       used 12319K, capacity 12702K, committed 12800K, reserved 1060864K
  class space    used 1666K, capacity 1769K, committed 1792K, reserved 1048576K
}
Event: 6.379 GC heap before
{Heap before GC invocations=6 (full 0):
 PSYoungGen      total 18944K, used 18898K [0x00000000e0000000, 0x00000000e1a00000, 0x0000000100000000)
  eden space 16384K, 99% used [0x00000000e0000000,0x00000000e0ffc9d0,0x00000000e1000000)
  from space 2560K, 98% used [0x00000000e1000000,0x00000000e1278020,0x00000000e1280000)
  to   space 5120K, 0% used [0x00000000e1500000,0x00000000e1500000,0x00000000e1a00000)
 ParOldGen       total 44032K, used 4495K [0x00000000a0000000, 0x00000000a2b00000, 0x00000000e0000000)
  object space 44032K, 10% used [0x00000000a0000000,0x00000000a0463e00,0x00000000a2b00000)
 Metaspace       used 13571K, capacity 13956K, committed 14080K, reserved 1062912K
  class space    used 1866K, capacity 1996K, committed 2048K, reserved 1048576K
Event: 6.395 GC heap after
Heap after GC invocations=6 (full 0):
 PSYoungGen      total 21504K, used 4213K [0x00000000e0000000, 0x00000000e1a00000, 0x0000000100000000)
  eden space 16384K, 0% used [0x00000000e0000000,0x00000000e0000000,0x00000000e1000000)
  from space 5120K, 82% used [0x00000000e1500000,0x00000000e191d480,0x00000000e1a00000)
  to   space 2560K, 0% used [0x00000000e1000000,0x00000000e1000000,0x00000000e1280000)
 ParOldGen       total 44032K, used 4503K [0x00000000a0000000, 0x00000000a2b00000, 0x00000000e0000000)
  object space 44032K, 10% used [0x00000000a0000000,0x00000000a0465e00,0x00000000a2b00000)
 Metaspace       used 13571K, capacity 13956K, committed 14080K, reserved 1062912K
  class space    used 1866K, capacity 1996K, committed 2048K, reserved 1048576K
}
Event: 6.484 GC heap before
{Heap before GC invocations=7 (full 0):
 PSYoungGen      total 21504K, used 7387K [0x00000000e0000000, 0x00000000e1a00000, 0x0000000100000000)
  eden space 16384K, 19% used [0x00000000e0000000,0x00000000e0319790,0x00000000e1000000)
  from space 5120K, 82% used [0x00000000e1500000,0x00000000e191d480,0x00000000e1a00000)
  to   space 2560K, 0% used [0x00000000e1000000,0x00000000e1000000,0x00000000e1280000)
 ParOldGen       total 44032K, used 4503K [0x00000000a0000000, 0x00000000a2b00000, 0x00000000e0000000)
  object space 44032K, 10% used [0x00000000a0000000,0x00000000a0465e00,0x00000000a2b00000)
 Metaspace       used 13934K, capacity 14340K, committed 14464K, reserved 1067008K
  class space    used 1923K, capacity 2060K, committed 2176K, reserved 1048576K
Event: 6.493 GC heap after
Heap after GC invocations=7 (full 0):
 PSYoungGen      total 18944K, used 2379K [0x00000000e0000000, 0x00000000e1a00000, 0x0000000100000000)
  eden space 16384K, 0% used [0x00000000e0000000,0x00000000e0000000,0x00000000e1000000)
  from space 2560K, 92% used [0x00000000e1000000,0x00000000e1252f90,0x00000000e1280000)
  to   space 5120K, 0% used [0x00000000e1500000,0x00000000e1500000,0x00000000e1a00000)
 ParOldGen       total 44032K, used 5476K [0x00000000a0000000, 0x00000000a2b00000, 0x00000000e0000000)
  object space 44032K, 12% used [0x00000000a0000000,0x00000000a0559258,0x00000000a2b00000)
 Metaspace       used 13934K, capacity 14340K, committed 14464K, reserved 1067008K
  class space    used 1923K, capacity 2060K, committed 2176K, reserved 1048576K
}
Event: 6.493 GC heap before
{Heap before GC invocations=8 (full 1):
 PSYoungGen      total 18944K, used 2379K [0x00000000e0000000, 0x00000000e1a00000, 0x0000000100000000)
  eden space 16384K, 0% used [0x00000000e0000000,0x00000000e0000000,0x00000000e1000000)
  from space 2560K, 92% used [0x00000000e1000000,0x00000000e1252f90,0x00000000e1280000)
  to   space 5120K, 0% used [0x00000000e1500000,0x00000000e1500000,0x00000000e1a00000)
 ParOldGen       total 44032K, used 5476K [0x00000000a0000000, 0x00000000a2b00000, 0x00000000e0000000)
  object space 44032K, 12% used [0x00000000a0000000,0x00000000a0559258,0x00000000a2b00000)
 Metaspace       used 13934K, capacity 14340K, committed 14464K, reserved 1067008K
  class space    used 1923K, capacity 2060K, committed 2176K, reserved 1048576K
Event: 6.556 GC heap after
Heap after GC invocations=8 (full 1):
 PSYoungGen      total 18944K, used 0K [0x00000000e0000000, 0x00000000e1a00000, 0x0000000100000000)
  eden space 16384K, 0% used [0x00000000e0000000,0x00000000e0000000,0x00000000e1000000)
  from space 2560K, 0% used [0x00000000e1000000,0x00000000e1000000,0x00000000e1280000)
  to   space 5120K, 0% used [0x00000000e1500000,0x00000000e1500000,0x00000000e1a00000)
 ParOldGen       total 27648K, used 4685K [0x00000000a0000000, 0x00000000a1b00000, 0x00000000e0000000)
  object space 27648K, 16% used [0x00000000a0000000,0x00000000a04934a8,0x00000000a1b00000)
 Metaspace       used 13934K, capacity 14340K, committed 14464K, reserved 1064960K
  class space    used 1923K, capacity 2060K, committed 2176K, reserved 1048576K
}

